<?xml version="1.0" encoding="utf-8"?><testsuites name="pytest tests"><testsuite name="pytest" errors="0" failures="0" skipped="0" tests="11" time="3.422" timestamp="2026-02-07T05:07:00.030284+00:00" hostname="agent-env-8181975c-83c7-4164-8dbd-8e8fb2e02b09"><testcase classname="backend.tests.test_billing_shifts_features.TestHospitalInfo" name="test_hospital_info_returns_logo_url_field" time="0.359" /><testcase classname="backend.tests.test_billing_shifts_features.TestSeniorBillerDashboard" name="test_senior_biller_dashboard_accessible_by_admin" time="0.296" /><testcase classname="backend.tests.test_billing_shifts_features.TestSeniorBillerDashboard" name="test_senior_biller_dashboard_denied_for_regular_biller" time="0.294" /><testcase classname="backend.tests.test_billing_shifts_features.TestAdminFinancialDashboard" name="test_admin_dashboard_returns_revenue_metrics" time="0.379" /><testcase classname="backend.tests.test_billing_shifts_features.TestShiftReconciliation" name="test_all_shifts_endpoint_accessible" time="0.297" /><testcase classname="backend.tests.test_billing_shifts_features.TestShiftReconciliation" name="test_biller_dashboard_endpoint" time="0.290" /><testcase classname="backend.tests.test_billing_shifts_features.TestBillingShiftsCRUD" name="test_clock_in_clock_out_role_restriction" time="0.293" /><testcase classname="backend.tests.test_billing_shifts_features.TestBillingShiftsCRUD" name="test_active_shift_endpoint" time="0.287" /><testcase classname="backend.tests.test_billing_shifts_features.TestGhanaCedisDisplay" name="test_billing_stats_endpoint" time="0.286" /><testcase classname="backend.tests.test_billing_shifts_features.TestNursingSupervisorClockOut" name="test_nursing_supervisor_dashboard_accessible" time="0.293" /><testcase classname="backend.tests.test_billing_shifts_features.TestNursingSupervisorClockOut" name="test_nursing_supervisor_current_shifts" time="0.288" /></testsuite></testsuites>