<?xml version="1.0" encoding="utf-8"?><testsuites name="pytest tests"><testsuite name="pytest" errors="0" failures="0" skipped="1" tests="34" time="5.266" timestamp="2026-02-06T07:19:18.039612+00:00" hostname="agent-env-fb4368d8-326b-4266-9fdf-31d0c88596e9"><testcase classname="backend.tests.test_fda_prescription_routing.TestFDAIntegration" name="test_fda_stats_returns_correct_totals" time="0.102" /><testcase classname="backend.tests.test_fda_prescription_routing.TestFDAIntegration" name="test_fda_stats_schedule_breakdown" time="0.033" /><testcase classname="backend.tests.test_fda_prescription_routing.TestFDAIntegration" name="test_fda_stats_category_breakdown" time="0.048" /><testcase classname="backend.tests.test_fda_prescription_routing.TestFDAIntegration" name="test_fda_search_amoxicillin_finds_amoxil_and_augmentin" time="0.035" /><testcase classname="backend.tests.test_fda_prescription_routing.TestFDAIntegration" name="test_fda_search_antimalarial" time="0.034" /><testcase classname="backend.tests.test_fda_prescription_routing.TestFDAIntegration" name="test_fda_search_herbal_medicine" time="0.033" /><testcase classname="backend.tests.test_fda_prescription_routing.TestFDAIntegration" name="test_fda_search_minimum_query_length" time="0.074" /><testcase classname="backend.tests.test_fda_prescription_routing.TestFDAIntegration" name="test_fda_verify_by_trade_name" time="0.074" /><testcase classname="backend.tests.test_fda_prescription_routing.TestFDAIntegration" name="test_fda_verify_by_registration_number" time="0.033" /><testcase classname="backend.tests.test_fda_prescription_routing.TestFDAIntegration" name="test_fda_verify_controlled_drug" time="0.032" /><testcase classname="backend.tests.test_fda_prescription_routing.TestFDAIntegration" name="test_fda_verify_unregistered_drug" time="0.037" /><testcase classname="backend.tests.test_fda_prescription_routing.TestFDAIntegration" name="test_fda_schedules_returns_all_types" time="0.031" /><testcase classname="backend.tests.test_fda_prescription_routing.TestFDAIntegration" name="test_fda_categories_returns_all_types" time="0.036" /><testcase classname="backend.tests.test_fda_prescription_routing.TestFDAIntegration" name="test_fda_get_drug_details" time="0.000"><skipped type="pytest.skip" message="Known issue: registration numbers with slashes not handled in path params">/app/backend/tests/test_fda_prescription_routing.py:197: Known issue: registration numbers with slashes not handled in path params</skipped></testcase><testcase classname="backend.tests.test_fda_prescription_routing.TestFDAIntegration" name="test_fda_get_drug_not_found" time="0.035" /><testcase classname="backend.tests.test_fda_prescription_routing.TestFDAIntegration" name="test_fda_get_manufacturers" time="0.074" /><testcase classname="backend.tests.test_fda_prescription_routing.TestFDAIntegration" name="test_fda_get_safety_alerts" time="0.037" /><testcase classname="backend.tests.test_fda_prescription_routing.TestPrescriptionRouting" name="test_create_prescription" time="0.275" /><testcase classname="backend.tests.test_fda_prescription_routing.TestPrescriptionRouting" name="test_create_prescription_with_multiple_medications" time="0.359" /><testcase classname="backend.tests.test_fda_prescription_routing.TestPrescriptionRouting" name="test_send_prescription_to_pharmacy" time="0.325" /><testcase classname="backend.tests.test_fda_prescription_routing.TestPrescriptionRouting" name="test_send_to_invalid_pharmacy" time="0.328" /><testcase classname="backend.tests.test_fda_prescription_routing.TestPrescriptionRouting" name="test_track_prescription_by_rx_number" time="0.402" /><testcase classname="backend.tests.test_fda_prescription_routing.TestPrescriptionRouting" name="test_track_nonexistent_prescription" time="0.294" /><testcase classname="backend.tests.test_fda_prescription_routing.TestPrescriptionRouting" name="test_get_patient_routed_prescriptions" time="0.283" /><testcase classname="backend.tests.test_fda_prescription_routing.TestPrescriptionRouting" name="test_pharmacy_accept_prescription" time="0.392" /><testcase classname="backend.tests.test_fda_prescription_routing.TestPrescriptionRouting" name="test_pharmacy_fill_prescription" time="0.418" /><testcase classname="backend.tests.test_fda_prescription_routing.TestPrescriptionRouting" name="test_pharmacy_reject_prescription" time="0.455" /><testcase classname="backend.tests.test_fda_prescription_routing.TestPrescriptionRouting" name="test_get_routing_status" time="0.329" /><testcase classname="backend.tests.test_fda_prescription_routing.TestPrescriptionRouting" name="test_get_routing_status_not_found" time="0.308" /><testcase classname="backend.tests.test_fda_prescription_routing.TestFDADrugList" name="test_list_all_drugs" time="0.036" /><testcase classname="backend.tests.test_fda_prescription_routing.TestFDADrugList" name="test_list_drugs_with_pagination" time="0.036" /><testcase classname="backend.tests.test_fda_prescription_routing.TestFDADrugList" name="test_filter_drugs_by_schedule" time="0.051" /><testcase classname="backend.tests.test_fda_prescription_routing.TestFDADrugList" name="test_filter_drugs_by_category" time="0.071" /><testcase classname="backend.tests.test_fda_prescription_routing.TestFDADrugList" name="test_filter_drugs_by_manufacturer" time="0.041" /></testsuite></testsuites>