<?xml version="1.0" encoding="utf-8"?><testsuites name="pytest tests"><testsuite name="pytest" errors="0" failures="0" skipped="0" tests="16" time="3.475" timestamp="2026-02-08T04:42:29.475111+00:00" hostname="agent-env-e085021d-1c79-4e5b-9cc0-33961bd38e77"><testcase classname="backend.tests.test_hospital_registration.TestHospitalRegistrationEndpoint" name="test_register_hospital_success" time="0.059" /><testcase classname="backend.tests.test_hospital_registration.TestHospitalRegistrationEndpoint" name="test_register_hospital_duplicate_email" time="0.080" /><testcase classname="backend.tests.test_hospital_registration.TestHospitalRegistrationEndpoint" name="test_register_hospital_missing_required_fields" time="0.049" /><testcase classname="backend.tests.test_hospital_registration.TestHospitalRegistrationEndpoint" name="test_register_hospital_invalid_email" time="0.038" /><testcase classname="backend.tests.test_hospital_registration.TestSuperAdminAuthentication" name="test_super_admin_login_success" time="0.261" /><testcase classname="backend.tests.test_hospital_registration.TestSuperAdminAuthentication" name="test_super_admin_login_invalid_credentials" time="0.258" /><testcase classname="backend.tests.test_hospital_registration.TestOrganizationListEndpoint" name="test_list_organizations_requires_auth" time="0.041" /><testcase classname="backend.tests.test_hospital_registration.TestOrganizationListEndpoint" name="test_list_organizations_with_auth" time="0.298" /><testcase classname="backend.tests.test_hospital_registration.TestOrganizationListEndpoint" name="test_list_pending_organizations" time="0.303" /><testcase classname="backend.tests.test_hospital_registration.TestApprovalWorkflow" name="test_approve_organization" time="0.570" /><testcase classname="backend.tests.test_hospital_registration.TestApprovalWorkflow" name="test_reject_organization" time="0.338" /><testcase classname="backend.tests.test_hospital_registration.TestApprovalWorkflow" name="test_approve_requires_auth" time="0.069" /><testcase classname="backend.tests.test_hospital_registration.TestApprovalWorkflow" name="test_approve_nonexistent_organization" time="0.300" /><testcase classname="backend.tests.test_hospital_registration.TestOrganizationTypes" name="test_register_clinic" time="0.040" /><testcase classname="backend.tests.test_hospital_registration.TestOrganizationTypes" name="test_register_medical_center" time="0.039" /><testcase classname="backend.tests.test_hospital_registration.TestEndToEndRegistrationFlow" name="test_full_registration_approval_flow" time="0.673" /></testsuite></testsuites>