<?xml version="1.0" encoding="utf-8"?><testsuites name="pytest tests"><testsuite name="pytest" errors="4" failures="1" skipped="0" tests="24" time="2.057" timestamp="2026-02-07T18:13:40.661347+00:00" hostname="agent-env-d7af131a-4fed-4ad5-a442-2fd467e3cf4c"><testcase classname="backend.tests.test_ir_pacs_voice_analytics.TestAuthentication" name="test_radiologist_login" time="0.374" /><testcase classname="backend.tests.test_ir_pacs_voice_analytics.TestAuthentication" name="test_super_admin_login" time="0.153"><failure message="AssertionError: Login failed: {&quot;detail&quot;:&quot;Invalid credentials&quot;}&#10;assert 401 == 200&#10; +  where 401 = &lt;Response [401]&gt;.status_code">backend/tests/test_ir_pacs_voice_analytics.py:100: in test_super_admin_login
    assert response.status_code == 200, f"Login failed: {response.text}"
E   AssertionError: Login failed: {"detail":"Invalid credentials"}
E   assert 401 == 200
E    +  where 401 = &lt;Response [401]&gt;.status_code</failure></testcase><testcase classname="backend.tests.test_ir_pacs_voice_analytics.TestInterventionalRadiologyDashboard" name="test_ir_dashboard" time="0.376" /><testcase classname="backend.tests.test_ir_pacs_voice_analytics.TestInterventionalRadiologyDashboard" name="test_ir_procedures_list" time="0.036" /><testcase classname="backend.tests.test_ir_pacs_voice_analytics.TestInterventionalRadiologyDashboard" name="test_create_ir_procedure" time="0.039" /><testcase classname="backend.tests.test_ir_pacs_voice_analytics.TestInterventionalRadiologyDashboard" name="test_get_ir_procedure_details" time="0.088" /><testcase classname="backend.tests.test_ir_pacs_voice_analytics.TestInterventionalRadiologyDashboard" name="test_update_procedure_status" time="0.080" /><testcase classname="backend.tests.test_ir_pacs_voice_analytics.TestInterventionalRadiologyDashboard" name="test_create_pre_assessment" time="0.082" /><testcase classname="backend.tests.test_ir_pacs_voice_analytics.TestInterventionalRadiologyDashboard" name="test_record_sedation_vitals" time="0.073" /><testcase classname="backend.tests.test_ir_pacs_voice_analytics.TestInterventionalRadiologyDashboard" name="test_get_sedation_records" time="0.119" /><testcase classname="backend.tests.test_ir_pacs_voice_analytics.TestPACSIntegration" name="test_pacs_config" time="0.040" /><testcase classname="backend.tests.test_ir_pacs_voice_analytics.TestPACSIntegration" name="test_pacs_status" time="0.058" /><testcase classname="backend.tests.test_ir_pacs_voice_analytics.TestPACSIntegration" name="test_pacs_study_search" time="0.040" /><testcase classname="backend.tests.test_ir_pacs_voice_analytics.TestPACSIntegration" name="test_pacs_viewer_url" time="0.036" /><testcase classname="backend.tests.test_ir_pacs_voice_analytics.TestPACSIntegration" name="test_pacs_worklist" time="0.038" /><testcase classname="backend.tests.test_ir_pacs_voice_analytics.TestPACSIntegration" name="test_pacs_hl7_adt" time="0.039" /><testcase classname="backend.tests.test_ir_pacs_voice_analytics.TestPACSIntegration" name="test_pacs_hl7_orm" time="0.037" /><testcase classname="backend.tests.test_ir_pacs_voice_analytics.TestVoiceDictationAnalytics" name="test_voice_analytics_admin_access" time="0.110"><error message="failed on setup with &quot;AssertionError: Login failed: {&quot;detail&quot;:&quot;Invalid credentials&quot;}&#10;assert 401 == 200&#10; +  where 401 = &lt;Response [401]&gt;.status_code&quot;">backend/tests/test_ir_pacs_voice_analytics.py:119: in admin_auth
    return test.test_super_admin_login()
           ^^^^^^^^^^^^^^^^^^^^^^^^^^^^^
backend/tests/test_ir_pacs_voice_analytics.py:100: in test_super_admin_login
    assert response.status_code == 200, f"Login failed: {response.text}"
E   AssertionError: Login failed: {"detail":"Invalid credentials"}
E   assert 401 == 200
E    +  where 401 = &lt;Response [401]&gt;.status_code</error></testcase><testcase classname="backend.tests.test_ir_pacs_voice_analytics.TestVoiceDictationAnalytics" name="test_voice_analytics_non_admin_denied" time="0.039" /><testcase classname="backend.tests.test_ir_pacs_voice_analytics.TestVoiceDictationAnalytics" name="test_voice_audit_logs_admin_access" time="0.000"><error message="failed on setup with &quot;AssertionError: Login failed: {&quot;detail&quot;:&quot;Invalid credentials&quot;}&#10;assert 401 == 200&#10; +  where 401 = &lt;Response [401]&gt;.status_code&quot;">backend/tests/test_ir_pacs_voice_analytics.py:119: in admin_auth
    return test.test_super_admin_login()
           ^^^^^^^^^^^^^^^^^^^^^^^^^^^^^
backend/tests/test_ir_pacs_voice_analytics.py:100: in test_super_admin_login
    assert response.status_code == 200, f"Login failed: {response.text}"
E   AssertionError: Login failed: {"detail":"Invalid credentials"}
E   assert 401 == 200
E    +  where 401 = &lt;Response [401]&gt;.status_code</error></testcase><testcase classname="backend.tests.test_ir_pacs_voice_analytics.TestVoiceDictationAnalytics" name="test_voice_audit_logs_non_admin_denied" time="0.039" /><testcase classname="backend.tests.test_ir_pacs_voice_analytics.TestVoiceDictationAnalytics" name="test_voice_analytics_with_date_filter" time="0.000"><error message="failed on setup with &quot;AssertionError: Login failed: {&quot;detail&quot;:&quot;Invalid credentials&quot;}&#10;assert 401 == 200&#10; +  where 401 = &lt;Response [401]&gt;.status_code&quot;">backend/tests/test_ir_pacs_voice_analytics.py:119: in admin_auth
    return test.test_super_admin_login()
           ^^^^^^^^^^^^^^^^^^^^^^^^^^^^^
backend/tests/test_ir_pacs_voice_analytics.py:100: in test_super_admin_login
    assert response.status_code == 200, f"Login failed: {response.text}"
E   AssertionError: Login failed: {"detail":"Invalid credentials"}
E   assert 401 == 200
E    +  where 401 = &lt;Response [401]&gt;.status_code</error></testcase><testcase classname="backend.tests.test_ir_pacs_voice_analytics.TestVoiceDictationAnalytics" name="test_voice_audit_logs_with_context_filter" time="0.000"><error message="failed on setup with &quot;AssertionError: Login failed: {&quot;detail&quot;:&quot;Invalid credentials&quot;}&#10;assert 401 == 200&#10; +  where 401 = &lt;Response [401]&gt;.status_code&quot;">backend/tests/test_ir_pacs_voice_analytics.py:119: in admin_auth
    return test.test_super_admin_login()
           ^^^^^^^^^^^^^^^^^^^^^^^^^^^^^
backend/tests/test_ir_pacs_voice_analytics.py:100: in test_super_admin_login
    assert response.status_code == 200, f"Login failed: {response.text}"
E   AssertionError: Login failed: {"detail":"Invalid credentials"}
E   assert 401 == 200
E    +  where 401 = &lt;Response [401]&gt;.status_code</error></testcase><testcase classname="backend.tests.test_ir_pacs_voice_analytics.TestCleanup" name="test_cleanup_test_procedures" time="0.035" /></testsuite></testsuites>