<?xml version="1.0" encoding="utf-8"?><testsuites name="pytest tests"><testsuite name="pytest" errors="0" failures="0" skipped="0" tests="24" time="2.826" timestamp="2026-02-07T18:14:51.865076+00:00" hostname="agent-env-d7af131a-4fed-4ad5-a442-2fd467e3cf4c"><testcase classname="backend.tests.test_ir_pacs_voice_analytics.TestAuthentication" name="test_radiologist_login" time="0.386" /><testcase classname="backend.tests.test_ir_pacs_voice_analytics.TestAuthentication" name="test_admin_login" time="0.350" /><testcase classname="backend.tests.test_ir_pacs_voice_analytics.TestInterventionalRadiologyDashboard" name="test_ir_dashboard" time="0.392" /><testcase classname="backend.tests.test_ir_pacs_voice_analytics.TestInterventionalRadiologyDashboard" name="test_ir_procedures_list" time="0.038" /><testcase classname="backend.tests.test_ir_pacs_voice_analytics.TestInterventionalRadiologyDashboard" name="test_create_ir_procedure" time="0.080" /><testcase classname="backend.tests.test_ir_pacs_voice_analytics.TestInterventionalRadiologyDashboard" name="test_get_ir_procedure_details" time="0.083" /><testcase classname="backend.tests.test_ir_pacs_voice_analytics.TestInterventionalRadiologyDashboard" name="test_update_procedure_status" time="0.084" /><testcase classname="backend.tests.test_ir_pacs_voice_analytics.TestInterventionalRadiologyDashboard" name="test_create_pre_assessment" time="0.085" /><testcase classname="backend.tests.test_ir_pacs_voice_analytics.TestInterventionalRadiologyDashboard" name="test_record_sedation_vitals" time="0.074" /><testcase classname="backend.tests.test_ir_pacs_voice_analytics.TestInterventionalRadiologyDashboard" name="test_get_sedation_records" time="0.107" /><testcase classname="backend.tests.test_ir_pacs_voice_analytics.TestPACSIntegration" name="test_pacs_config" time="0.037" /><testcase classname="backend.tests.test_ir_pacs_voice_analytics.TestPACSIntegration" name="test_pacs_status" time="0.064" /><testcase classname="backend.tests.test_ir_pacs_voice_analytics.TestPACSIntegration" name="test_pacs_study_search" time="0.037" /><testcase classname="backend.tests.test_ir_pacs_voice_analytics.TestPACSIntegration" name="test_pacs_viewer_url" time="0.038" /><testcase classname="backend.tests.test_ir_pacs_voice_analytics.TestPACSIntegration" name="test_pacs_worklist" time="0.039" /><testcase classname="backend.tests.test_ir_pacs_voice_analytics.TestPACSIntegration" name="test_pacs_hl7_adt" time="0.079" /><testcase classname="backend.tests.test_ir_pacs_voice_analytics.TestPACSIntegration" name="test_pacs_hl7_orm" time="0.080" /><testcase classname="backend.tests.test_ir_pacs_voice_analytics.TestVoiceDictationAnalytics" name="test_voice_analytics_admin_access" time="0.463" /><testcase classname="backend.tests.test_ir_pacs_voice_analytics.TestVoiceDictationAnalytics" name="test_voice_analytics_non_admin_denied" time="0.034" /><testcase classname="backend.tests.test_ir_pacs_voice_analytics.TestVoiceDictationAnalytics" name="test_voice_audit_logs_admin_access" time="0.038" /><testcase classname="backend.tests.test_ir_pacs_voice_analytics.TestVoiceDictationAnalytics" name="test_voice_audit_logs_non_admin_denied" time="0.034" /><testcase classname="backend.tests.test_ir_pacs_voice_analytics.TestVoiceDictationAnalytics" name="test_voice_analytics_with_date_filter" time="0.037" /><testcase classname="backend.tests.test_ir_pacs_voice_analytics.TestVoiceDictationAnalytics" name="test_voice_audit_logs_with_context_filter" time="0.036" /><testcase classname="backend.tests.test_ir_pacs_voice_analytics.TestCleanup" name="test_cleanup_test_procedures" time="0.039" /></testsuite></testsuites>