<?xml version="1.0" encoding="utf-8"?><testsuites name="pytest tests"><testsuite name="pytest" errors="0" failures="0" skipped="0" tests="29" time="2.838" timestamp="2026-02-06T08:04:14.802096+00:00" hostname="agent-env-1188ccdc-e53d-4f96-8368-d4b6d7ea5941"><testcase classname="tests.test_new_modules.TestNHISClaimsModule" name="test_nhis_dashboard" time="0.335" /><testcase classname="tests.test_new_modules.TestNHISClaimsModule" name="test_nhis_verify_member_active" time="0.036" /><testcase classname="tests.test_new_modules.TestNHISClaimsModule" name="test_nhis_verify_member_expired" time="0.075" /><testcase classname="tests.test_new_modules.TestNHISClaimsModule" name="test_nhis_verify_member_not_found" time="0.042" /><testcase classname="tests.test_new_modules.TestNHISClaimsModule" name="test_nhis_drug_tariff_list" time="0.054" /><testcase classname="tests.test_new_modules.TestNHISClaimsModule" name="test_nhis_drug_tariff_search" time="0.040" /><testcase classname="tests.test_new_modules.TestNHISClaimsModule" name="test_nhis_drug_tariff_covered_only" time="0.035" /><testcase classname="tests.test_new_modules.TestNHISClaimsModule" name="test_nhis_get_claims_empty" time="0.038" /><testcase classname="tests.test_new_modules.TestSupplyChainModule" name="test_supply_chain_dashboard" time="0.291" /><testcase classname="tests.test_new_modules.TestSupplyChainModule" name="test_supply_chain_inventory_list" time="0.036" /><testcase classname="tests.test_new_modules.TestSupplyChainModule" name="test_supply_chain_create_inventory_item" time="0.033" /><testcase classname="tests.test_new_modules.TestSupplyChainModule" name="test_supply_chain_inventory_search" time="0.037" /><testcase classname="tests.test_new_modules.TestSupplyChainModule" name="test_supply_chain_suppliers_list" time="0.032" /><testcase classname="tests.test_new_modules.TestSupplyChainModule" name="test_supply_chain_seed_suppliers" time="0.038" /><testcase classname="tests.test_new_modules.TestSupplyChainModule" name="test_supply_chain_suppliers_after_seed" time="0.034" /><testcase classname="tests.test_new_modules.TestSupplyChainModule" name="test_supply_chain_create_supplier" time="0.034" /><testcase classname="tests.test_new_modules.TestSupplyChainModule" name="test_supply_chain_receive_stock" time="0.067" /><testcase classname="tests.test_new_modules.TestNotificationsModule" name="test_notifications_list" time="0.298" /><testcase classname="tests.test_new_modules.TestNotificationsModule" name="test_notifications_unread_count" time="0.035" /><testcase classname="tests.test_new_modules.TestNotificationsModule" name="test_notifications_create" time="0.112" /><testcase classname="tests.test_new_modules.TestNotificationsModule" name="test_notifications_mark_read" time="0.189" /><testcase classname="tests.test_new_modules.TestNotificationsModule" name="test_notifications_mark_all_read" time="0.033" /><testcase classname="tests.test_new_modules.TestAmbulanceModule" name="test_ambulance_dashboard" time="0.301" /><testcase classname="tests.test_new_modules.TestAmbulanceModule" name="test_ambulance_vehicles_list" time="0.034" /><testcase classname="tests.test_new_modules.TestAmbulanceModule" name="test_ambulance_create_vehicle" time="0.036" /><testcase classname="tests.test_new_modules.TestAmbulanceModule" name="test_ambulance_requests_list" time="0.036" /><testcase classname="tests.test_new_modules.TestAmbulanceModule" name="test_ambulance_create_request" time="0.048" /><testcase classname="tests.test_new_modules.TestAmbulanceModule" name="test_ambulance_approve_request" time="0.069" /><testcase classname="tests.test_new_modules.TestCleanup" name="test_cleanup_test_inventory" time="0.290" /></testsuite></testsuites>