<?xml version="1.0" encoding="utf-8"?><testsuites name="pytest tests"><testsuite name="pytest" errors="0" failures="0" skipped="0" tests="25" time="36.416" timestamp="2026-02-07T17:04:34.985948+00:00" hostname="agent-env-b16cbb28-8f96-48b3-9372-4f366b39b7d4"><testcase classname="backend.tests.test_new_features_v2.TestVoiceDictationAIExpand" name="test_ai_expand_soap_note" time="5.196" /><testcase classname="backend.tests.test_new_features_v2.TestVoiceDictationAIExpand" name="test_ai_expand_radiology_report" time="5.427" /><testcase classname="backend.tests.test_new_features_v2.TestVoiceDictationAIExpand" name="test_ai_expand_progress_note" time="7.697" /><testcase classname="backend.tests.test_new_features_v2.TestVoiceDictationAIExpand" name="test_ai_expand_nursing_assessment" time="11.595" /><testcase classname="backend.tests.test_new_features_v2.TestVoiceDictationAnalytics" name="test_get_analytics" time="0.292" /><testcase classname="backend.tests.test_new_features_v2.TestVoiceDictationAnalytics" name="test_get_analytics_with_date_filter" time="0.277" /><testcase classname="backend.tests.test_new_features_v2.TestVoiceDictationAnalytics" name="test_analytics_requires_admin" time="0.538" /><testcase classname="backend.tests.test_new_features_v2.TestVoiceDictationAuditLogs" name="test_get_audit_logs" time="0.272" /><testcase classname="backend.tests.test_new_features_v2.TestVoiceDictationAuditLogs" name="test_get_audit_logs_with_pagination" time="0.270" /><testcase classname="backend.tests.test_new_features_v2.TestVoiceDictationAuditLogs" name="test_audit_logs_requires_admin" time="0.528" /><testcase classname="backend.tests.test_new_features_v2.TestPACSIntegration" name="test_get_pacs_config" time="0.273" /><testcase classname="backend.tests.test_new_features_v2.TestPACSIntegration" name="test_get_pacs_status" time="0.291" /><testcase classname="backend.tests.test_new_features_v2.TestPACSIntegration" name="test_search_studies" time="0.307" /><testcase classname="backend.tests.test_new_features_v2.TestPACSIntegration" name="test_search_studies_with_filters" time="0.272" /><testcase classname="backend.tests.test_new_features_v2.TestPACSIntegration" name="test_get_viewer_url" time="0.263" /><testcase classname="backend.tests.test_new_features_v2.TestInterventionalRadiology" name="test_get_ir_dashboard" time="0.278" /><testcase classname="backend.tests.test_new_features_v2.TestInterventionalRadiology" name="test_create_ir_procedure" time="0.318" /><testcase classname="backend.tests.test_new_features_v2.TestInterventionalRadiology" name="test_create_pre_assessment" time="0.294" /><testcase classname="backend.tests.test_new_features_v2.TestInterventionalRadiology" name="test_record_sedation_vitals" time="0.288" /><testcase classname="backend.tests.test_new_features_v2.TestInterventionalRadiology" name="test_get_ir_procedures" time="0.275" /><testcase classname="backend.tests.test_new_features_v2.TestInterventionalRadiology" name="test_get_ir_procedures_with_filters" time="0.282" /><testcase classname="backend.tests.test_new_features_v2.TestPACSHL7Workflows" name="test_send_hl7_adt" time="0.277" /><testcase classname="backend.tests.test_new_features_v2.TestPACSHL7Workflows" name="test_send_hl7_orm" time="0.264" /><testcase classname="backend.tests.test_new_features_v2.TestPACSHL7Workflows" name="test_receive_hl7_oru" time="0.272" /><testcase classname="backend.tests.test_new_features_v2.TestPACSHL7Workflows" name="test_get_modality_worklist" time="0.268" /></testsuite></testsuites>