<?xml version="1.0" encoding="utf-8"?><testsuites name="pytest tests"><testsuite name="pytest" errors="0" failures="2" skipped="0" tests="12" time="1.743" timestamp="2026-02-07T01:28:10.619204+00:00" hostname="agent-env-042b2e1e-2979-40a2-b386-4e012f251aad"><testcase classname="backend.tests.test_nurse_supervisor_features.TestNursingSupervisorFeatures" name="test_bed_census_endpoint" time="0.347"><failure message="AssertionError: Missing 'available_beds' in census summary&#10;assert 'available_beds' in {'available': 24, 'cleaning': 0, 'isolation': 0, 'maintenance': 0, ...}">backend/tests/test_nurse_supervisor_features.py:72: in test_bed_census_endpoint
    assert field in summary, f"Missing '{field}' in census summary"
E   AssertionError: Missing 'available_beds' in census summary
E   assert 'available_beds' in {'available': 24, 'cleaning': 0, 'isolation': 0, 'maintenance': 0, ...}</failure></testcase><testcase classname="backend.tests.test_nurse_supervisor_features.TestNursingSupervisorFeatures" name="test_list_wards_endpoint" time="0.038" /><testcase classname="backend.tests.test_nurse_supervisor_features.TestNursingSupervisorFeatures" name="test_get_nurses_list" time="0.041" /><testcase classname="backend.tests.test_nurse_supervisor_features.TestNursingSupervisorFeatures" name="test_nursing_supervisor_dashboard" time="0.047" /><testcase classname="backend.tests.test_nurse_supervisor_features.TestNursingSupervisorFeatures" name="test_patient_search_api" time="0.036" /><testcase classname="backend.tests.test_nurse_supervisor_features.TestNursingSupervisorFeatures" name="test_ambulance_request_creation_with_patient" time="0.084"><failure message="AssertionError: Create ambulance request failed: {&quot;detail&quot;:[{&quot;type&quot;:&quot;missing&quot;,&quot;loc&quot;:[&quot;body&quot;,&quot;patient_mrn&quot;],&quot;msg&quot;:&quot;Field required&quot;,&quot;input&quot;:{&quot;patient_id&quot;:&quot;688a22b7-e785-4aeb-93aa-87ce5a5c3635&quot;,&quot;patient_name&quot;:&quot;patient Ghana&quot;,&quot;patient_phone&quot;:&quot;&quot;,&quot;request_type&quot;:&quot;emergency&quot;,&quot;priority&quot;:&quot;high&quot;,&quot;pickup_location&quot;:&quot;Test Location&quot;,&quot;pickup_address&quot;:&quot;123 Test Street, Accra&quot;,&quot;destination&quot;:&quot;ygtworks Health Center&quot;,&quot;destination_address&quot;:&quot;Hospital Road, Accra&quot;,&quot;chief_complaint&quot;:&quot;Test emergency request&quot;,&quot;notes&quot;:&quot;Testing patient search integration&quot;},&quot;url&quot;:&quot;https://errors.pydantic.dev/2.12/v/missing&quot;},{&quot;type&quot;:&quot;missing&quot;,&quot;loc&quot;:[&quot;body&quot;,&quot;destination_facility&quot;],&quot;msg&quot;:&quot;Field required&quot;,&quot;input&quot;:{&quot;patient_id&quot;:&quot;688a22b7-e785-4aeb-93aa-87ce5a5c3635&quot;,&quot;patient_name&quot;:&quot;patient Ghana&quot;,&quot;patient_phone&quot;:&quot;&quot;,&quot;request_type&quot;:&quot;emergency&quot;,&quot;priority&quot;:&quot;high&quot;,&quot;pickup_location&quot;:&quot;Test Location&quot;,&quot;pickup_address&quot;:&quot;123 Test Street, Accra&quot;,&quot;destination&quot;:&quot;ygtworks Health Center&quot;,&quot;destination_address&quot;:&quot;Hospital Road, Accra&quot;,&quot;chief_complaint&quot;:&quot;Test emergency request&quot;,&quot;notes&quot;:&quot;Testing patient search integration&quot;},&quot;url&quot;:&quot;https://errors.pydantic.dev/2.12/v/missing&quot;},{&quot;type&quot;:&quot;missing&quot;,&quot;loc&quot;:[&quot;body&quot;,&quot;referral_reason&quot;],&quot;msg&quot;:&quot;Field required&quot;,&quot;input&quot;:{&quot;patient_id&quot;:&quot;688a22b7-e785-4aeb-93aa-87ce5a5c3635&quot;,&quot;patient_name&quot;:&quot;patient Ghana&quot;,&quot;patient_phone&quot;:&quot;&quot;,&quot;request_type&quot;:&quot;emergency&quot;,&quot;priority&quot;:&quot;high&quot;,&quot;pickup_location&quot;:&quot;Test Location&quot;,&quot;pickup_address&quot;:&quot;123 Test Street, Accra&quot;,&quot;destination&quot;:&quot;ygtworks Health Center&quot;,&quot;destination_address&quot;:&quot;Hospital Road, Accra&quot;,&quot;chief_complaint&quot;:&quot;Test emergency request&quot;,&quot;notes&quot;:&quot;Testing patient search integration&quot;},&quot;url&quot;:&quot;https://errors.pydantic.dev/2.12/v/missing&quot;}]}&#10;assert 422 in [200, 201]&#10; +  where 422 = &lt;Response [422]&gt;.status_code">backend/tests/test_nurse_supervisor_features.py:206: in test_ambulance_request_creation_with_patient
    assert response.status_code in [200, 201], f"Create ambulance request failed: {response.text}"
E   AssertionError: Create ambulance request failed: {"detail":[{"type":"missing","loc":["body","patient_mrn"],"msg":"Field required","input":{"patient_id":"688a22b7-e785-4aeb-93aa-87ce5a5c3635","patient_name":"patient Ghana","patient_phone":"","request_type":"emergency","priority":"high","pickup_location":"Test Location","pickup_address":"123 Test Street, Accra","destination":"ygtworks Health Center","destination_address":"Hospital Road, Accra","chief_complaint":"Test emergency request","notes":"Testing patient search integration"},"url":"https://errors.pydantic.dev/2.12/v/missing"},{"type":"missing","loc":["body","destination_facility"],"msg":"Field required","input":{"patient_id":"688a22b7-e785-4aeb-93aa-87ce5a5c3635","patient_name":"patient Ghana","patient_phone":"","request_type":"emergency","priority":"high","pickup_location":"Test Location","pickup_address":"123 Test Street, Accra","destination":"ygtworks Health Center","destination_address":"Hospital Road, Accra","chief_complaint":"Test emergency request","notes":"Testing patient search integration"},"url":"https://errors.pydantic.dev/2.12/v/missing"},{"type":"missing","loc":["body","referral_reason"],"msg":"Field required","input":{"patient_id":"688a22b7-e785-4aeb-93aa-87ce5a5c3635","patient_name":"patient Ghana","patient_phone":"","request_type":"emergency","priority":"high","pickup_location":"Test Location","pickup_address":"123 Test Street, Accra","destination":"ygtworks Health Center","destination_address":"Hospital Road, Accra","chief_complaint":"Test emergency request","notes":"Testing patient search integration"},"url":"https://errors.pydantic.dev/2.12/v/missing"}]}
E   assert 422 in [200, 201]
E    +  where 422 = &lt;Response [422]&gt;.status_code</failure></testcase><testcase classname="backend.tests.test_nurse_supervisor_features.TestNursingSupervisorFeatures" name="test_nursing_supervisor_can_register_vehicle" time="0.067" /><testcase classname="backend.tests.test_nurse_supervisor_features.TestNursingSupervisorFeatures" name="test_it_admin_can_register_vehicle" time="0.304" /><testcase classname="backend.tests.test_nurse_supervisor_features.TestNursingSupervisorFeatures" name="test_nursing_supervisor_bed_management_access" time="0.157" /><testcase classname="backend.tests.test_nurse_supervisor_features.TestNursingSupervisorFeatures" name="test_nursing_supervisor_ambulance_access" time="0.106" /><testcase classname="backend.tests.test_nurse_supervisor_features.TestNursingSupervisorFeatures" name="test_get_ambulance_vehicles_list" time="0.042" /><testcase classname="backend.tests.test_nurse_supervisor_features.TestCleanup" name="test_cleanup_test_vehicles" time="0.371" /></testsuite></testsuites>