<?xml version="1.0" encoding="utf-8"?><testsuites name="pytest tests"><testsuite name="pytest" errors="0" failures="0" skipped="0" tests="12" time="1.762" timestamp="2026-02-07T01:28:52.811136+00:00" hostname="agent-env-042b2e1e-2979-40a2-b386-4e012f251aad"><testcase classname="backend.tests.test_nurse_supervisor_features.TestNursingSupervisorFeatures" name="test_bed_census_endpoint" time="0.345" /><testcase classname="backend.tests.test_nurse_supervisor_features.TestNursingSupervisorFeatures" name="test_list_wards_endpoint" time="0.040" /><testcase classname="backend.tests.test_nurse_supervisor_features.TestNursingSupervisorFeatures" name="test_get_nurses_list" time="0.040" /><testcase classname="backend.tests.test_nurse_supervisor_features.TestNursingSupervisorFeatures" name="test_nursing_supervisor_dashboard" time="0.038" /><testcase classname="backend.tests.test_nurse_supervisor_features.TestNursingSupervisorFeatures" name="test_patient_search_api" time="0.073" /><testcase classname="backend.tests.test_nurse_supervisor_features.TestNursingSupervisorFeatures" name="test_ambulance_request_creation_with_patient" time="0.079" /><testcase classname="backend.tests.test_nurse_supervisor_features.TestNursingSupervisorFeatures" name="test_nursing_supervisor_can_register_vehicle" time="0.037" /><testcase classname="backend.tests.test_nurse_supervisor_features.TestNursingSupervisorFeatures" name="test_it_admin_can_register_vehicle" time="0.298" /><testcase classname="backend.tests.test_nurse_supervisor_features.TestNursingSupervisorFeatures" name="test_nursing_supervisor_bed_management_access" time="0.160" /><testcase classname="backend.tests.test_nurse_supervisor_features.TestNursingSupervisorFeatures" name="test_nursing_supervisor_ambulance_access" time="0.111" /><testcase classname="backend.tests.test_nurse_supervisor_features.TestNursingSupervisorFeatures" name="test_get_ambulance_vehicles_list" time="0.041" /><testcase classname="backend.tests.test_nurse_supervisor_features.TestCleanup" name="test_cleanup_test_vehicles" time="0.432" /></testsuite></testsuites>