<?xml version="1.0" encoding="utf-8"?><testsuites name="pytest tests"><testsuite name="pytest" errors="0" failures="0" skipped="0" tests="15" time="4.839" timestamp="2026-02-06T19:44:02.927108+00:00" hostname="agent-env-36106e59-0e20-4dfb-bedd-32f6f7b021be"><testcase classname="tests.test_p0_features.TestAuthentication" name="test_super_admin_login" time="0.306" /><testcase classname="tests.test_p0_features.TestAuthentication" name="test_it_admin_login" time="0.260" /><testcase classname="tests.test_p0_features.TestAuthentication" name="test_pharmacist_login" time="0.260" /><testcase classname="tests.test_p0_features.TestITAdminPermissions" name="test_get_staff_list" time="0.296" /><testcase classname="tests.test_p0_features.TestITAdminPermissions" name="test_get_staff_permissions_endpoint_exists" time="0.333" /><testcase classname="tests.test_p0_features.TestITAdminPermissions" name="test_grant_permission_endpoint" time="0.368" /><testcase classname="tests.test_p0_features.TestITAdminPermissions" name="test_revoke_permission_endpoint" time="0.408" /><testcase classname="tests.test_p0_features.TestITAdminPermissions" name="test_it_admin_can_manage_permissions" time="0.330" /><testcase classname="tests.test_p0_features.TestFDABarcodeLookup" name="test_barcode_lookup_known_barcode" time="0.292" /><testcase classname="tests.test_p0_features.TestFDABarcodeLookup" name="test_barcode_lookup_unknown_barcode" time="0.298" /><testcase classname="tests.test_p0_features.TestFDABarcodeLookup" name="test_barcode_lookup_multiple_known_barcodes" time="0.424" /><testcase classname="tests.test_p0_features.TestTwoFactorAuth" name="test_2fa_status_endpoint" time="0.291" /><testcase classname="tests.test_p0_features.TestTwoFactorAuth" name="test_2fa_setup_generates_qr_code" time="0.309" /><testcase classname="tests.test_p0_features.TestPharmacyPortalIntegration" name="test_inventory_endpoint" time="0.292" /><testcase classname="tests.test_p0_features.TestPharmacyPortalIntegration" name="test_create_inventory_item_with_barcode" time="0.291" /></testsuite></testsuites>