<?xml version="1.0" encoding="utf-8"?><testsuites name="pytest tests"><testsuite name="pytest" errors="0" failures="2" skipped="0" tests="23" time="1.960" timestamp="2026-02-08T00:10:23.665751+00:00" hostname="agent-env-4e0af7b4-dee9-463b-ba0a-5f1544d3eac5"><testcase classname="backend.tests.test_pharmacy_portal_phase2.TestPharmacyLogin" name="test_login_success" time="0.341" /><testcase classname="backend.tests.test_pharmacy_portal_phase2.TestPharmacyLogin" name="test_login_invalid_credentials" time="0.043" /><testcase classname="backend.tests.test_pharmacy_portal_phase2.TestPharmacyDashboard" name="test_dashboard_returns_stats" time="0.303"><failure message="AssertionError: Expected 19 drugs, got 248&#10;assert 248 == 19">backend/tests/test_pharmacy_portal_phase2.py:82: in test_dashboard_returns_stats
    assert data["total_drugs"] == 19, f"Expected 19 drugs, got {data['total_drugs']}"
E   AssertionError: Expected 19 drugs, got 248
E   assert 248 == 19</failure></testcase><testcase classname="backend.tests.test_pharmacy_portal_phase2.TestPharmacyDashboard" name="test_dashboard_requires_auth" time="0.045" /><testcase classname="backend.tests.test_pharmacy_portal_phase2.TestDrugCatalog" name="test_get_drugs_list" time="0.054"><failure message="AssertionError: Expected 19 drugs, got 248&#10;assert 248 == 19">backend/tests/test_pharmacy_portal_phase2.py:102: in test_get_drugs_list
    assert data["total"] == 19, f"Expected 19 drugs, got {data['total']}"
E   AssertionError: Expected 19 drugs, got 248
E   assert 248 == 19</failure></testcase><testcase classname="backend.tests.test_pharmacy_portal_phase2.TestDrugCatalog" name="test_drugs_have_required_fields" time="0.056" /><testcase classname="backend.tests.test_pharmacy_portal_phase2.TestDrugCatalog" name="test_drugs_include_seeded_medications" time="0.053" /><testcase classname="backend.tests.test_pharmacy_portal_phase2.TestDrugCatalog" name="test_add_drug_to_catalog" time="0.040" /><testcase classname="backend.tests.test_pharmacy_portal_phase2.TestDrugCatalog" name="test_drugs_requires_auth" time="0.044" /><testcase classname="backend.tests.test_pharmacy_portal_phase2.TestMedicationDatabase" name="test_search_medications" time="0.041" /><testcase classname="backend.tests.test_pharmacy_portal_phase2.TestMedicationDatabase" name="test_get_medication_categories" time="0.048" /><testcase classname="backend.tests.test_pharmacy_portal_phase2.TestInventoryManagement" name="test_get_inventory" time="0.041" /><testcase classname="backend.tests.test_pharmacy_portal_phase2.TestInventoryManagement" name="test_get_inventory_alerts" time="0.048" /><testcase classname="backend.tests.test_pharmacy_portal_phase2.TestInventoryManagement" name="test_get_reorder_suggestions" time="0.043" /><testcase classname="backend.tests.test_pharmacy_portal_phase2.TestInventoryManagement" name="test_inventory_requires_auth" time="0.037" /><testcase classname="backend.tests.test_pharmacy_portal_phase2.TestSalesManagement" name="test_get_sales" time="0.036" /><testcase classname="backend.tests.test_pharmacy_portal_phase2.TestSalesManagement" name="test_sales_requires_auth" time="0.036" /><testcase classname="backend.tests.test_pharmacy_portal_phase2.TestPrescriptionManagement" name="test_get_incoming_prescriptions" time="0.043" /><testcase classname="backend.tests.test_pharmacy_portal_phase2.TestPrescriptionManagement" name="test_prescriptions_requires_auth" time="0.041" /><testcase classname="backend.tests.test_pharmacy_portal_phase2.TestStaffManagement" name="test_get_staff_list" time="0.041" /><testcase classname="backend.tests.test_pharmacy_portal_phase2.TestStaffManagement" name="test_create_staff_member" time="0.261" /><testcase classname="backend.tests.test_pharmacy_portal_phase2.TestStaffManagement" name="test_staff_requires_auth" time="0.039" /><testcase classname="backend.tests.test_pharmacy_portal_phase2.TestDrugSeeding" name="test_seed_drugs_endpoint_exists" time="0.109" /></testsuite></testsuites>