<?xml version="1.0" encoding="utf-8"?><testsuites name="pytest tests"><testsuite name="pytest" errors="0" failures="0" skipped="0" tests="16" time="1.936" timestamp="2026-02-08T00:46:08.632522+00:00" hostname="agent-env-4e0af7b4-dee9-463b-ba0a-5f1544d3eac5"><testcase classname="backend.tests.test_pharmacy_approval_workflow.TestPlatformAdminAuth" name="test_platform_admin_login" time="0.284" /><testcase classname="backend.tests.test_pharmacy_approval_workflow.TestPendingPharmaciesEndpoint" name="test_get_pending_pharmacies" time="0.043" /><testcase classname="backend.tests.test_pharmacy_approval_workflow.TestPendingPharmaciesEndpoint" name="test_pending_pharmacies_have_pending_status" time="0.041" /><testcase classname="backend.tests.test_pharmacy_approval_workflow.TestApprovedPharmaciesEndpoint" name="test_get_all_pharmacies" time="0.042" /><testcase classname="backend.tests.test_pharmacy_approval_workflow.TestApprovedPharmaciesEndpoint" name="test_filter_approved_pharmacies" time="0.043" /><testcase classname="backend.tests.test_pharmacy_approval_workflow.TestPharmacyApprovalWorkflow" name="test_approve_pharmacy_endpoint_exists" time="0.121" /><testcase classname="backend.tests.test_pharmacy_approval_workflow.TestPharmacyApprovalWorkflow" name="test_reject_pharmacy_requires_notes" time="0.040" /><testcase classname="backend.tests.test_pharmacy_approval_workflow.TestPrescriptionPharmaciesEndpoint" name="test_get_ghana_pharmacies" time="0.041" /><testcase classname="backend.tests.test_pharmacy_approval_workflow.TestPrescriptionPharmaciesEndpoint" name="test_filter_pharmacies_by_region" time="0.043" /><testcase classname="backend.tests.test_pharmacy_approval_workflow.TestPrescriptionPharmaciesEndpoint" name="test_search_pharmacies_by_query" time="0.048" /><testcase classname="backend.tests.test_pharmacy_approval_workflow.TestSendToNetworkPharmacyEndpoint" name="test_send_to_network_pharmacy_requires_auth" time="0.035" /><testcase classname="backend.tests.test_pharmacy_approval_workflow.TestSendToNetworkPharmacyEndpoint" name="test_send_to_network_pharmacy_validates_prescription" time="0.304" /><testcase classname="backend.tests.test_pharmacy_approval_workflow.TestSendToNetworkPharmacyEndpoint" name="test_send_to_network_pharmacy_validates_pharmacy" time="0.379" /><testcase classname="backend.tests.test_pharmacy_approval_workflow.TestPharmacyDataStructure" name="test_pending_pharmacy_has_required_fields" time="0.037" /><testcase classname="backend.tests.test_pharmacy_approval_workflow.TestPharmacyDataStructure" name="test_approved_pharmacy_has_required_fields" time="0.040" /><testcase classname="backend.tests.test_pharmacy_approval_workflow.TestPharmacyPortalIntegration" name="test_pharmacy_registration_creates_pending_entry" time="0.320" /></testsuite></testsuites>