<?xml version="1.0" encoding="utf-8"?><testsuites name="pytest tests"><testsuite name="pytest" errors="0" failures="0" skipped="0" tests="6" time="2.821" timestamp="2026-02-08T20:02:47.522687+00:00" hostname="agent-env-0ef75412-fb3a-49d5-afc4-6bfd06b9ed9a"><testcase classname="backend.tests.test_pharmacy_credentials_dialog.TestPharmacyStaffCreation" name="test_create_staff_returns_default_password" time="0.604" /><testcase classname="backend.tests.test_pharmacy_credentials_dialog.TestPharmacyStaffCreation" name="test_create_staff_response_structure" time="0.536" /><testcase classname="backend.tests.test_pharmacy_credentials_dialog.TestPharmacyPasswordReset" name="test_reset_password_returns_temp_password" time="0.609" /><testcase classname="backend.tests.test_pharmacy_credentials_dialog.TestPharmacyPasswordReset" name="test_reset_password_for_nonexistent_staff" time="0.348" /><testcase classname="backend.tests.test_pharmacy_credentials_dialog.TestPharmacyStaffEndpoints" name="test_get_staff_list" time="0.307" /><testcase classname="backend.tests.test_pharmacy_credentials_dialog.TestPharmacyStaffEndpoints" name="test_get_staff_details" time="0.349" /></testsuite></testsuites>