<?xml version="1.0" encoding="utf-8"?><testsuites name="pytest tests"><testsuite name="pytest" errors="0" failures="0" skipped="0" tests="17" time="5.185" timestamp="2026-02-08T00:24:26.156550+00:00" hostname="agent-env-4e0af7b4-dee9-463b-ba0a-5f1544d3eac5"><testcase classname="backend.tests.test_pharmacy_phase3.TestPharmacyPhase3Auth" name="test_login_success" time="0.340" /><testcase classname="backend.tests.test_pharmacy_phase3.TestSupplyRequestsOutgoing" name="test_get_outgoing_supply_requests" time="0.319" /><testcase classname="backend.tests.test_pharmacy_phase3.TestSupplyRequestsOutgoing" name="test_outgoing_requests_requires_auth" time="0.311" /><testcase classname="backend.tests.test_pharmacy_phase3.TestSupplyRequestsIncoming" name="test_get_incoming_supply_requests" time="0.283" /><testcase classname="backend.tests.test_pharmacy_phase3.TestSupplyRequestsIncoming" name="test_incoming_requests_requires_auth" time="0.308" /><testcase classname="backend.tests.test_pharmacy_phase3.TestAuditLogs" name="test_get_audit_logs" time="0.276" /><testcase classname="backend.tests.test_pharmacy_phase3.TestAuditLogs" name="test_audit_logs_with_limit" time="0.278" /><testcase classname="backend.tests.test_pharmacy_phase3.TestAuditLogs" name="test_audit_logs_requires_auth" time="0.349" /><testcase classname="backend.tests.test_pharmacy_phase3.TestAuditLogsSummary" name="test_get_audit_logs_summary" time="0.272" /><testcase classname="backend.tests.test_pharmacy_phase3.TestAuditLogsSummary" name="test_audit_summary_with_days_param" time="0.283" /><testcase classname="backend.tests.test_pharmacy_phase3.TestAuditLogsSummary" name="test_audit_summary_requires_auth" time="0.296" /><testcase classname="backend.tests.test_pharmacy_phase3.TestPharmacyNetwork" name="test_get_pharmacy_network" time="0.278" /><testcase classname="backend.tests.test_pharmacy_phase3.TestPharmacyNetwork" name="test_pharmacy_network_excludes_own" time="0.273" /><testcase classname="backend.tests.test_pharmacy_phase3.TestPharmacyNetwork" name="test_pharmacy_network_requires_auth" time="0.342" /><testcase classname="backend.tests.test_pharmacy_phase3.TestEPrescriptionReceive" name="test_receive_eprescription" time="0.280" /><testcase classname="backend.tests.test_pharmacy_phase3.TestEPrescriptionReceive" name="test_eprescription_requires_auth" time="0.303" /><testcase classname="backend.tests.test_pharmacy_phase3.TestDashboardPhase3" name="test_dashboard_returns_stats" time="0.315" /></testsuite></testsuites>