<?xml version="1.0" encoding="utf-8"?><testsuites name="pytest tests"><testsuite name="pytest" errors="0" failures="4" skipped="0" tests="23" time="2.108" timestamp="2026-02-08T00:09:50.978670+00:00" hostname="agent-env-4e0af7b4-dee9-463b-ba0a-5f1544d3eac5"><testcase classname="backend.tests.test_pharmacy_portal_phase2.TestPharmacyLogin" name="test_login_success" time="0.322" /><testcase classname="backend.tests.test_pharmacy_portal_phase2.TestPharmacyLogin" name="test_login_invalid_credentials" time="0.042" /><testcase classname="backend.tests.test_pharmacy_portal_phase2.TestPharmacyDashboard" name="test_dashboard_returns_stats" time="0.310" /><testcase classname="backend.tests.test_pharmacy_portal_phase2.TestPharmacyDashboard" name="test_dashboard_requires_auth" time="0.041" /><testcase classname="backend.tests.test_pharmacy_portal_phase2.TestDrugCatalog" name="test_get_drugs_list" time="0.040" /><testcase classname="backend.tests.test_pharmacy_portal_phase2.TestDrugCatalog" name="test_drugs_have_required_fields" time="0.046" /><testcase classname="backend.tests.test_pharmacy_portal_phase2.TestDrugCatalog" name="test_drugs_include_seeded_medications" time="0.041" /><testcase classname="backend.tests.test_pharmacy_portal_phase2.TestDrugCatalog" name="test_add_drug_to_catalog" time="0.039"><failure message="AssertionError: Missing drug ID in response&#10;assert 'id' in {'drug_id': '0bb30311-afe3-4a94-8943-cabc1a6814cb', 'message': 'Drug added to catalog'}">backend/tests/test_pharmacy_portal_phase2.py:149: in test_add_drug_to_catalog
    assert "id" in data, "Missing drug ID in response"
E   AssertionError: Missing drug ID in response
E   assert 'id' in {'drug_id': '0bb30311-afe3-4a94-8943-cabc1a6814cb', 'message': 'Drug added to catalog'}</failure></testcase><testcase classname="backend.tests.test_pharmacy_portal_phase2.TestDrugCatalog" name="test_drugs_requires_auth" time="0.040" /><testcase classname="backend.tests.test_pharmacy_portal_phase2.TestMedicationDatabase" name="test_search_medications" time="0.038" /><testcase classname="backend.tests.test_pharmacy_portal_phase2.TestMedicationDatabase" name="test_get_medication_categories" time="0.039" /><testcase classname="backend.tests.test_pharmacy_portal_phase2.TestInventoryManagement" name="test_get_inventory" time="0.039" /><testcase classname="backend.tests.test_pharmacy_portal_phase2.TestInventoryManagement" name="test_get_inventory_alerts" time="0.044"><failure message="AssertionError: Expected 19 low stock items, got 20&#10;assert 20 == 19">backend/tests/test_pharmacy_portal_phase2.py:224: in test_get_inventory_alerts
    assert data["low_stock_count"] == 19, f"Expected 19 low stock items, got {data['low_stock_count']}"
E   AssertionError: Expected 19 low stock items, got 20
E   assert 20 == 19</failure></testcase><testcase classname="backend.tests.test_pharmacy_portal_phase2.TestInventoryManagement" name="test_get_reorder_suggestions" time="0.042"><failure message="AssertionError: Expected 19 reorder suggestions, got 20&#10;assert 20 == 19">backend/tests/test_pharmacy_portal_phase2.py:234: in test_get_reorder_suggestions
    assert data["total_items"] == 19, f"Expected 19 reorder suggestions, got {data['total_items']}"
E   AssertionError: Expected 19 reorder suggestions, got 20
E   assert 20 == 19</failure></testcase><testcase classname="backend.tests.test_pharmacy_portal_phase2.TestInventoryManagement" name="test_inventory_requires_auth" time="0.042" /><testcase classname="backend.tests.test_pharmacy_portal_phase2.TestSalesManagement" name="test_get_sales" time="0.081" /><testcase classname="backend.tests.test_pharmacy_portal_phase2.TestSalesManagement" name="test_sales_requires_auth" time="0.058" /><testcase classname="backend.tests.test_pharmacy_portal_phase2.TestPrescriptionManagement" name="test_get_incoming_prescriptions" time="0.044" /><testcase classname="backend.tests.test_pharmacy_portal_phase2.TestPrescriptionManagement" name="test_prescriptions_requires_auth" time="0.037" /><testcase classname="backend.tests.test_pharmacy_portal_phase2.TestStaffManagement" name="test_get_staff_list" time="0.041" /><testcase classname="backend.tests.test_pharmacy_portal_phase2.TestStaffManagement" name="test_create_staff_member" time="0.264"><failure message="AssertionError: Missing staff ID in response&#10;assert 'id' in {'default_password': '123439e7', 'message': 'Staff member created successfully', 'note': 'Please share the temporary password with the staff member securely', 'staff_id': '9118daab-9fd6-4ca1-8252-2e8e397a9da8'}">backend/tests/test_pharmacy_portal_phase2.py:331: in test_create_staff_member
    assert "id" in data, "Missing staff ID in response"
E   AssertionError: Missing staff ID in response
E   assert 'id' in {'default_password': '123439e7', 'message': 'Staff member created successfully', 'note': 'Please share the temporary password with the staff member securely', 'staff_id': '9118daab-9fd6-4ca1-8252-2e8e397a9da8'}</failure></testcase><testcase classname="backend.tests.test_pharmacy_portal_phase2.TestStaffManagement" name="test_staff_requires_auth" time="0.039" /><testcase classname="backend.tests.test_pharmacy_portal_phase2.TestDrugSeeding" name="test_seed_drugs_endpoint_exists" time="0.250" /></testsuite></testsuites>