<?xml version="1.0" encoding="utf-8"?><testsuites name="pytest tests"><testsuite name="pytest" errors="0" failures="0" skipped="0" tests="44" time="1.853" timestamp="2026-02-06T06:51:08.072117+00:00" hostname="agent-env-fb4368d8-326b-4266-9fdf-31d0c88596e9"><testcase classname="backend.tests.test_pharmacy_network.TestPharmacyNetworkStats" name="test_get_stats_returns_200" time="0.078" /><testcase classname="backend.tests.test_pharmacy_network.TestPharmacyNetworkStats" name="test_stats_contains_total_pharmacies" time="0.037" /><testcase classname="backend.tests.test_pharmacy_network.TestPharmacyNetworkStats" name="test_stats_contains_nhis_count" time="0.041" /><testcase classname="backend.tests.test_pharmacy_network.TestPharmacyNetworkStats" name="test_stats_contains_24hr_service_count" time="0.037" /><testcase classname="backend.tests.test_pharmacy_network.TestPharmacyNetworkStats" name="test_stats_contains_delivery_count" time="0.038" /><testcase classname="backend.tests.test_pharmacy_network.TestPharmacyNetworkStats" name="test_stats_contains_by_region" time="0.036" /><testcase classname="backend.tests.test_pharmacy_network.TestPharmacyNetworkStats" name="test_stats_contains_by_ownership" time="0.036" /><testcase classname="backend.tests.test_pharmacy_network.TestPharmacyNetworkList" name="test_list_pharmacies_returns_200" time="0.036" /><testcase classname="backend.tests.test_pharmacy_network.TestPharmacyNetworkList" name="test_list_pharmacies_returns_pharmacies_array" time="0.039" /><testcase classname="backend.tests.test_pharmacy_network.TestPharmacyNetworkList" name="test_list_pharmacies_returns_total" time="0.039" /><testcase classname="backend.tests.test_pharmacy_network.TestPharmacyNetworkList" name="test_list_pharmacies_pagination" time="0.037" /><testcase classname="backend.tests.test_pharmacy_network.TestPharmacyNetworkList" name="test_pharmacy_has_required_fields" time="0.040" /><testcase classname="backend.tests.test_pharmacy_network.TestPharmacyNetworkSearch" name="test_search_kumasi_returns_results" time="0.032" /><testcase classname="backend.tests.test_pharmacy_network.TestPharmacyNetworkSearch" name="test_search_ernest_chemist_returns_results" time="0.033" /><testcase classname="backend.tests.test_pharmacy_network.TestPharmacyNetworkSearch" name="test_search_returns_query_in_response" time="0.037" /><testcase classname="backend.tests.test_pharmacy_network.TestPharmacyNetworkSearch" name="test_search_with_region_filter" time="0.032" /><testcase classname="backend.tests.test_pharmacy_network.TestPharmacyNetworkSearch" name="test_search_requires_minimum_query_length" time="0.037" /><testcase classname="backend.tests.test_pharmacy_network.TestPharmacyNetworkRegions" name="test_get_regions_returns_200" time="0.043" /><testcase classname="backend.tests.test_pharmacy_network.TestPharmacyNetworkRegions" name="test_get_regions_returns_16_regions" time="0.030" /><testcase classname="backend.tests.test_pharmacy_network.TestPharmacyNetworkRegions" name="test_regions_have_id_and_name" time="0.035" /><testcase classname="backend.tests.test_pharmacy_network.TestPharmacyNetworkRegions" name="test_greater_accra_in_regions" time="0.074" /><testcase classname="backend.tests.test_pharmacy_network.TestPharmacyNetworkByRegion" name="test_get_greater_accra_pharmacies" time="0.034" /><testcase classname="backend.tests.test_pharmacy_network.TestPharmacyNetworkByRegion" name="test_get_ashanti_pharmacies" time="0.032" /><testcase classname="backend.tests.test_pharmacy_network.TestPharmacyNetworkByRegion" name="test_region_response_includes_region_name" time="0.033" /><testcase classname="backend.tests.test_pharmacy_network.TestPharmacyNetworkOwnershipTypes" name="test_get_ownership_types_returns_200" time="0.037" /><testcase classname="backend.tests.test_pharmacy_network.TestPharmacyNetworkOwnershipTypes" name="test_ownership_types_returns_list" time="0.039" /><testcase classname="backend.tests.test_pharmacy_network.TestPharmacyNetworkOwnershipTypes" name="test_ownership_types_have_required_fields" time="0.032" /><testcase classname="backend.tests.test_pharmacy_network.TestPharmacyNetworkOwnershipTypes" name="test_ghs_ownership_type_exists" time="0.035" /><testcase classname="backend.tests.test_pharmacy_network.TestPharmacyNetworkOwnershipTypes" name="test_chain_ownership_type_exists" time="0.039" /><testcase classname="backend.tests.test_pharmacy_network.TestPharmacyNetworkChains" name="test_get_chains_returns_200" time="0.039" /><testcase classname="backend.tests.test_pharmacy_network.TestPharmacyNetworkChains" name="test_chains_returns_list" time="0.037" /><testcase classname="backend.tests.test_pharmacy_network.TestPharmacyNetworkChains" name="test_ernest_chemist_in_chains" time="0.034" /><testcase classname="backend.tests.test_pharmacy_network.TestPharmacyNetworkChains" name="test_mpharma_in_chains" time="0.035" /><testcase classname="backend.tests.test_pharmacy_network.TestPharmacyNetworkChains" name="test_kinapharma_in_chains" time="0.037" /><testcase classname="backend.tests.test_pharmacy_network.TestPharmacyNetworkChains" name="test_chain_has_locations" time="0.039" /><testcase classname="backend.tests.test_pharmacy_network.TestPharmacyNetworkDetails" name="test_get_pharmacy_by_id" time="0.112" /><testcase classname="backend.tests.test_pharmacy_network.TestPharmacyNetworkDetails" name="test_get_korle_bu_pharmacy" time="0.040" /><testcase classname="backend.tests.test_pharmacy_network.TestPharmacyNetworkDetails" name="test_get_nonexistent_pharmacy_returns_404" time="0.039" /><testcase classname="backend.tests.test_pharmacy_network.TestPharmacyNetworkDetails" name="test_pharmacy_details_has_all_fields" time="0.032" /><testcase classname="backend.tests.test_pharmacy_network.TestPharmacyNetworkFilters" name="test_filter_by_nhis" time="0.035" /><testcase classname="backend.tests.test_pharmacy_network.TestPharmacyNetworkFilters" name="test_filter_by_24hr_service" time="0.035" /><testcase classname="backend.tests.test_pharmacy_network.TestPharmacyNetworkFilters" name="test_filter_by_delivery" time="0.034" /><testcase classname="backend.tests.test_pharmacy_network.TestPharmacyNetworkFilters" name="test_filter_by_ownership_type" time="0.036" /><testcase classname="backend.tests.test_pharmacy_network.TestPharmacyNetworkFilters" name="test_filter_by_region" time="0.037" /></testsuite></testsuites>