<?xml version="1.0" encoding="utf-8"?><testsuites name="pytest tests"><testsuite name="pytest" errors="0" failures="1" skipped="0" tests="16" time="1.882" timestamp="2026-02-08T00:45:52.629099+00:00" hostname="agent-env-4e0af7b4-dee9-463b-ba0a-5f1544d3eac5"><testcase classname="backend.tests.test_pharmacy_approval_workflow.TestPlatformAdminAuth" name="test_platform_admin_login" time="0.283" /><testcase classname="backend.tests.test_pharmacy_approval_workflow.TestPendingPharmaciesEndpoint" name="test_get_pending_pharmacies" time="0.043" /><testcase classname="backend.tests.test_pharmacy_approval_workflow.TestPendingPharmaciesEndpoint" name="test_pending_pharmacies_have_pending_status" time="0.038" /><testcase classname="backend.tests.test_pharmacy_approval_workflow.TestApprovedPharmaciesEndpoint" name="test_get_all_pharmacies" time="0.045" /><testcase classname="backend.tests.test_pharmacy_approval_workflow.TestApprovedPharmaciesEndpoint" name="test_filter_approved_pharmacies" time="0.042" /><testcase classname="backend.tests.test_pharmacy_approval_workflow.TestPharmacyApprovalWorkflow" name="test_approve_pharmacy_endpoint_exists" time="0.080" /><testcase classname="backend.tests.test_pharmacy_approval_workflow.TestPharmacyApprovalWorkflow" name="test_reject_pharmacy_requires_notes" time="0.036" /><testcase classname="backend.tests.test_pharmacy_approval_workflow.TestPrescriptionPharmaciesEndpoint" name="test_get_ghana_pharmacies" time="0.045" /><testcase classname="backend.tests.test_pharmacy_approval_workflow.TestPrescriptionPharmaciesEndpoint" name="test_filter_pharmacies_by_region" time="0.038" /><testcase classname="backend.tests.test_pharmacy_approval_workflow.TestPrescriptionPharmaciesEndpoint" name="test_search_pharmacies_by_query" time="0.047" /><testcase classname="backend.tests.test_pharmacy_approval_workflow.TestSendToNetworkPharmacyEndpoint" name="test_send_to_network_pharmacy_requires_auth" time="0.037" /><testcase classname="backend.tests.test_pharmacy_approval_workflow.TestSendToNetworkPharmacyEndpoint" name="test_send_to_network_pharmacy_validates_prescription" time="0.300" /><testcase classname="backend.tests.test_pharmacy_approval_workflow.TestSendToNetworkPharmacyEndpoint" name="test_send_to_network_pharmacy_validates_pharmacy" time="0.391" /><testcase classname="backend.tests.test_pharmacy_approval_workflow.TestPharmacyDataStructure" name="test_pending_pharmacy_has_required_fields" time="0.039" /><testcase classname="backend.tests.test_pharmacy_approval_workflow.TestPharmacyDataStructure" name="test_approved_pharmacy_has_required_fields" time="0.042" /><testcase classname="backend.tests.test_pharmacy_approval_workflow.TestPharmacyPortalIntegration" name="test_pharmacy_registration_creates_pending_entry" time="0.278"><failure message="AssertionError: Registration failed: {&quot;message&quot;:&quot;Pharmacy registration submitted successfully&quot;,&quot;pharmacy_id&quot;:&quot;4886e4ae-2204-44a3-85bf-acfe7dc454a5&quot;,&quot;status&quot;:&quot;pending&quot;,&quot;note&quot;:&quot;Your registration is pending approval. You will be notified once approved.&quot;}&#10;assert 200 == 201&#10; +  where 200 = &lt;Response [200]&gt;.status_code">backend/tests/test_pharmacy_approval_workflow.py:366: in test_pharmacy_registration_creates_pending_entry
    assert response.status_code == 201, f"Registration failed: {response.text}"
E   AssertionError: Registration failed: {"message":"Pharmacy registration submitted successfully","pharmacy_id":"4886e4ae-2204-44a3-85bf-acfe7dc454a5","status":"pending","note":"Your registration is pending approval. You will be notified once approved."}
E   assert 200 == 201
E    +  where 200 = &lt;Response [200]&gt;.status_code</failure></testcase></testsuite></testsuites>