<?xml version="1.0" encoding="utf-8"?><testsuites name="pytest tests"><testsuite name="pytest" errors="0" failures="0" skipped="0" tests="32" time="2.697" timestamp="2026-02-07T23:05:45.249270+00:00" hostname="agent-env-d7af131a-4fed-4ad5-a442-2fd467e3cf4c"><testcase classname="backend.tests.test_pharmacy_portal.TestPharmacyPortalPublicRegions" name="test_get_regions_returns_200" time="0.115" /><testcase classname="backend.tests.test_pharmacy_portal.TestPharmacyPortalPublicRegions" name="test_regions_returns_16_regions" time="0.048" /><testcase classname="backend.tests.test_pharmacy_portal.TestPharmacyPortalPublicRegions" name="test_regions_have_required_fields" time="0.047" /><testcase classname="backend.tests.test_pharmacy_portal.TestPharmacyPortalPublicRegions" name="test_regions_returns_total_pharmacies" time="0.048" /><testcase classname="backend.tests.test_pharmacy_portal.TestPharmacyPortalPublicRegions" name="test_greater_accra_in_regions" time="0.053" /><testcase classname="backend.tests.test_pharmacy_portal.TestPharmacyPortalPublicRegions" name="test_ashanti_in_regions" time="0.048" /><testcase classname="backend.tests.test_pharmacy_portal.TestPharmacyPortalPublicPharmacies" name="test_list_pharmacies_returns_200" time="0.044" /><testcase classname="backend.tests.test_pharmacy_portal.TestPharmacyPortalPublicPharmacies" name="test_list_pharmacies_returns_pharmacies_array" time="0.041" /><testcase classname="backend.tests.test_pharmacy_portal.TestPharmacyPortalPublicPharmacies" name="test_list_pharmacies_returns_total" time="0.038" /><testcase classname="backend.tests.test_pharmacy_portal.TestPharmacyPortalPublicPharmacies" name="test_list_pharmacies_pagination" time="0.046" /><testcase classname="backend.tests.test_pharmacy_portal.TestPharmacyPortalPublicPharmacies" name="test_pharmacy_has_required_fields" time="0.041" /><testcase classname="backend.tests.test_pharmacy_portal.TestPharmacyPortalPublicPharmacies" name="test_filter_by_region" time="0.040" /><testcase classname="backend.tests.test_pharmacy_portal.TestPharmacyPortalPublicPharmacies" name="test_filter_by_nhis" time="0.041" /><testcase classname="backend.tests.test_pharmacy_portal.TestPharmacyPortalPublicPharmacies" name="test_filter_by_24hr" time="0.043" /><testcase classname="backend.tests.test_pharmacy_portal.TestPharmacyPortalPublicPharmacies" name="test_search_pharmacies" time="0.082" /><testcase classname="backend.tests.test_pharmacy_portal.TestPharmacyPortalPublicPharmacyProfile" name="test_get_pharmacy_profile_returns_200" time="0.083" /><testcase classname="backend.tests.test_pharmacy_portal.TestPharmacyPortalPublicPharmacyProfile" name="test_pharmacy_profile_has_services" time="0.079" /><testcase classname="backend.tests.test_pharmacy_portal.TestPharmacyPortalPublicPharmacyProfile" name="test_get_nonexistent_pharmacy_returns_404" time="0.039" /><testcase classname="backend.tests.test_pharmacy_portal.TestPharmacyPortalRegistration" name="test_register_pharmacy_success" time="0.317" /><testcase classname="backend.tests.test_pharmacy_portal.TestPharmacyPortalRegistration" name="test_register_duplicate_license_fails" time="0.301" /><testcase classname="backend.tests.test_pharmacy_portal.TestPharmacyPortalRegistration" name="test_register_missing_required_fields" time="0.035" /><testcase classname="backend.tests.test_pharmacy_portal.TestPharmacyPortalLogin" name="test_login_invalid_credentials" time="0.043" /><testcase classname="backend.tests.test_pharmacy_portal.TestPharmacyPortalLogin" name="test_login_missing_fields" time="0.038" /><testcase classname="backend.tests.test_pharmacy_portal.TestPharmacyPortalLogin" name="test_login_with_registered_pharmacy" time="0.529" /><testcase classname="backend.tests.test_pharmacy_portal.TestPharmacyPortalAuthenticatedEndpoints" name="test_dashboard_requires_auth" time="0.041" /><testcase classname="backend.tests.test_pharmacy_portal.TestPharmacyPortalAuthenticatedEndpoints" name="test_drugs_requires_auth" time="0.036" /><testcase classname="backend.tests.test_pharmacy_portal.TestPharmacyPortalAuthenticatedEndpoints" name="test_inventory_requires_auth" time="0.044" /><testcase classname="backend.tests.test_pharmacy_portal.TestPharmacyPortalAuthenticatedEndpoints" name="test_sales_requires_auth" time="0.080" /><testcase classname="backend.tests.test_pharmacy_portal.TestPharmacyPortalAuthenticatedEndpoints" name="test_prescriptions_requires_auth" time="0.038" /><testcase classname="backend.tests.test_pharmacy_portal.TestPharmacyPortalAuthenticatedEndpoints" name="test_staff_requires_auth" time="0.039" /><testcase classname="backend.tests.test_pharmacy_portal.TestMedicationDatabase" name="test_medication_search_requires_auth" time="0.039" /><testcase classname="backend.tests.test_pharmacy_portal.TestMedicationDatabase" name="test_medication_categories_requires_auth" time="0.036" /></testsuite></testsuites>