<?xml version="1.0" encoding="utf-8"?><testsuites name="pytest tests"><testsuite name="pytest" errors="0" failures="0" skipped="0" tests="12" time="4.283" timestamp="2026-02-10T01:24:54.731782+00:00" hostname="agent-env-0ef75412-fb3a-49d5-afc4-6bfd06b9ed9a"><testcase classname="backend.tests.test_platform_owner_hospital_staff.TestPlatformOwnerHospitalStaffAPIs" name="test_01_get_hospital_staff_list" time="0.324" /><testcase classname="backend.tests.test_platform_owner_hospital_staff.TestPlatformOwnerHospitalStaffAPIs" name="test_02_get_hospital_staff_invalid_hospital" time="0.278" /><testcase classname="backend.tests.test_platform_owner_hospital_staff.TestPlatformOwnerHospitalStaffAPIs" name="test_03_get_staff_details" time="0.300" /><testcase classname="backend.tests.test_platform_owner_hospital_staff.TestPlatformOwnerHospitalStaffAPIs" name="test_04_get_staff_details_invalid_id" time="0.274" /><testcase classname="backend.tests.test_platform_owner_hospital_staff.TestPlatformOwnerHospitalStaffAPIs" name="test_05_update_staff_info" time="0.418" /><testcase classname="backend.tests.test_platform_owner_hospital_staff.TestPlatformOwnerHospitalStaffAPIs" name="test_06_reset_staff_password" time="0.561" /><testcase classname="backend.tests.test_platform_owner_hospital_staff.TestPlatformOwnerHospitalStaffAPIs" name="test_07_suspend_staff_account" time="0.317" /><testcase classname="backend.tests.test_platform_owner_hospital_staff.TestPlatformOwnerHospitalStaffAPIs" name="test_08_activate_staff_account" time="0.347" /><testcase classname="backend.tests.test_platform_owner_hospital_staff.TestPlatformOwnerHospitalStaffAPIs" name="test_09_delete_staff_account" time="0.288" /><testcase classname="backend.tests.test_platform_owner_hospital_staff.TestPlatformOwnerHospitalStaffAPIs" name="test_10_reset_password_invalid_staff" time="0.273" /><testcase classname="backend.tests.test_platform_owner_hospital_staff.TestPlatformOwnerHospitalStaffDataValidation" name="test_staff_list_response_structure" time="0.279" /><testcase classname="backend.tests.test_platform_owner_hospital_staff.TestPlatformOwnerHospitalStaffDataValidation" name="test_reset_password_returns_temp_password" time="0.547" /></testsuite></testsuites>