<?xml version="1.0" encoding="utf-8"?><testsuites name="pytest tests"><testsuite name="pytest" errors="0" failures="0" skipped="0" tests="19" time="1.919" timestamp="2026-02-08T19:13:50.661414+00:00" hostname="agent-env-0ef75412-fb3a-49d5-afc4-6bfd06b9ed9a"><testcase classname="backend.tests.test_platform_owner_pharmacy_staff.TestPlatformOwnerStaffListEndpoint" name="test_list_all_pharmacy_staff_endpoint_exists" time="0.079" /><testcase classname="backend.tests.test_platform_owner_pharmacy_staff.TestPlatformOwnerStaffListEndpoint" name="test_list_all_pharmacy_staff_returns_correct_structure" time="0.047" /><testcase classname="backend.tests.test_platform_owner_pharmacy_staff.TestPlatformOwnerStaffListEndpoint" name="test_list_all_pharmacy_staff_no_passwords_exposed" time="0.043" /><testcase classname="backend.tests.test_platform_owner_pharmacy_staff.TestPlatformOwnerStaffDetailsEndpoint" name="test_get_staff_details_nonexistent" time="0.044" /><testcase classname="backend.tests.test_platform_owner_pharmacy_staff.TestPlatformOwnerStaffDetailsEndpoint" name="test_get_staff_details_existing" time="0.078" /><testcase classname="backend.tests.test_platform_owner_pharmacy_staff.TestPlatformOwnerStaffEditEndpoint" name="test_edit_staff_nonexistent" time="0.047" /><testcase classname="backend.tests.test_platform_owner_pharmacy_staff.TestPlatformOwnerStaffEditEndpoint" name="test_edit_staff_existing" time="0.168" /><testcase classname="backend.tests.test_platform_owner_pharmacy_staff.TestPlatformOwnerStaffSuspendEndpoint" name="test_suspend_staff_nonexistent" time="0.041" /><testcase classname="backend.tests.test_platform_owner_pharmacy_staff.TestPlatformOwnerStaffSuspendEndpoint" name="test_suspend_staff_existing" time="0.123" /><testcase classname="backend.tests.test_platform_owner_pharmacy_staff.TestPlatformOwnerStaffActivateEndpoint" name="test_activate_staff_nonexistent" time="0.040" /><testcase classname="backend.tests.test_platform_owner_pharmacy_staff.TestPlatformOwnerStaffActivateEndpoint" name="test_activate_staff_existing" time="0.122" /><testcase classname="backend.tests.test_platform_owner_pharmacy_staff.TestPlatformOwnerStaffUnlockEndpoint" name="test_unlock_staff_nonexistent" time="0.037" /><testcase classname="backend.tests.test_platform_owner_pharmacy_staff.TestPlatformOwnerStaffUnlockEndpoint" name="test_unlock_staff_existing" time="0.073" /><testcase classname="backend.tests.test_platform_owner_pharmacy_staff.TestPlatformOwnerStaffDeactivateEndpoint" name="test_deactivate_staff_nonexistent" time="0.040" /><testcase classname="backend.tests.test_platform_owner_pharmacy_staff.TestPlatformOwnerStaffDeactivateEndpoint" name="test_deactivate_staff_existing" time="0.161" /><testcase classname="backend.tests.test_platform_owner_pharmacy_staff.TestPlatformOwnerStaffResetPasswordEndpoint" name="test_reset_password_nonexistent" time="0.039" /><testcase classname="backend.tests.test_platform_owner_pharmacy_staff.TestPlatformOwnerStaffResetPasswordEndpoint" name="test_reset_password_existing" time="0.326" /><testcase classname="backend.tests.test_platform_owner_pharmacy_staff.TestPlatformOwnerStaffDeleteEndpoint" name="test_delete_staff_nonexistent" time="0.040" /><testcase classname="backend.tests.test_platform_owner_pharmacy_staff.TestEndToEndPlatformOwnerStaffWorkflow" name="test_full_staff_management_workflow" time="0.286" /></testsuite></testsuites>