<?xml version="1.0" encoding="utf-8"?><testsuites name="pytest tests"><testsuite name="pytest" errors="0" failures="0" skipped="0" tests="12" time="4.481" timestamp="2026-02-10T01:35:18.326448+00:00" hostname="agent-env-0ef75412-fb3a-49d5-afc4-6bfd06b9ed9a"><testcase classname="backend.tests.test_platform_owner_hospital_staff.TestPlatformOwnerHospitalStaffAPIs" name="test_01_get_hospital_staff_list" time="0.299" /><testcase classname="backend.tests.test_platform_owner_hospital_staff.TestPlatformOwnerHospitalStaffAPIs" name="test_02_get_hospital_staff_invalid_hospital" time="0.275" /><testcase classname="backend.tests.test_platform_owner_hospital_staff.TestPlatformOwnerHospitalStaffAPIs" name="test_03_get_staff_details" time="0.289" /><testcase classname="backend.tests.test_platform_owner_hospital_staff.TestPlatformOwnerHospitalStaffAPIs" name="test_04_get_staff_details_invalid_id" time="0.278" /><testcase classname="backend.tests.test_platform_owner_hospital_staff.TestPlatformOwnerHospitalStaffAPIs" name="test_05_update_staff_info" time="0.394" /><testcase classname="backend.tests.test_platform_owner_hospital_staff.TestPlatformOwnerHospitalStaffAPIs" name="test_06_reset_staff_password" time="0.553" /><testcase classname="backend.tests.test_platform_owner_hospital_staff.TestPlatformOwnerHospitalStaffAPIs" name="test_07_suspend_staff_account" time="0.316" /><testcase classname="backend.tests.test_platform_owner_hospital_staff.TestPlatformOwnerHospitalStaffAPIs" name="test_08_activate_staff_account" time="0.394" /><testcase classname="backend.tests.test_platform_owner_hospital_staff.TestPlatformOwnerHospitalStaffAPIs" name="test_09_delete_staff_account" time="0.291" /><testcase classname="backend.tests.test_platform_owner_hospital_staff.TestPlatformOwnerHospitalStaffAPIs" name="test_10_reset_password_invalid_staff" time="0.271" /><testcase classname="backend.tests.test_platform_owner_hospital_staff.TestPlatformOwnerHospitalStaffDataValidation" name="test_staff_list_response_structure" time="0.346" /><testcase classname="backend.tests.test_platform_owner_hospital_staff.TestPlatformOwnerHospitalStaffDataValidation" name="test_reset_password_returns_temp_password" time="0.712" /></testsuite></testsuites>