<?xml version="1.0" encoding="utf-8"?><testsuites name="pytest tests"><testsuite name="pytest" errors="0" failures="0" skipped="0" tests="17" time="3.506" timestamp="2026-02-08T01:20:08.116525+00:00" hostname="agent-env-4e0af7b4-dee9-463b-ba0a-5f1544d3eac5"><testcase classname="tests.test_prescription_tracking.TestPublicTrackingEndpoint" name="test_track_nonexistent_prescription_returns_404" time="0.097" /><testcase classname="tests.test_prescription_tracking.TestPublicTrackingEndpoint" name="test_track_invalid_code_format" time="0.090" /><testcase classname="tests.test_prescription_tracking.TestPublicTrackingEndpoint" name="test_track_endpoint_is_public" time="0.044" /><testcase classname="tests.test_prescription_tracking.TestPharmacyAuthentication" name="test_pharmacy_login_success" time="0.294" /><testcase classname="tests.test_prescription_tracking.TestPharmacyAuthentication" name="test_pharmacy_login_invalid_credentials" time="0.046" /><testcase classname="tests.test_prescription_tracking.TestPrescriptionStatusUpdate" name="test_update_status_requires_auth" time="0.044" /><testcase classname="tests.test_prescription_tracking.TestPrescriptionStatusUpdate" name="test_update_status_invalid_status" time="0.305" /><testcase classname="tests.test_prescription_tracking.TestPrescriptionStatusUpdate" name="test_update_status_valid_statuses" time="0.560" /><testcase classname="tests.test_prescription_tracking.TestPrescriptionDeliveryMethod" name="test_set_delivery_requires_auth" time="0.040" /><testcase classname="tests.test_prescription_tracking.TestPrescriptionDeliveryMethod" name="test_set_delivery_invalid_method" time="0.299" /><testcase classname="tests.test_prescription_tracking.TestPrescriptionDeliveryMethod" name="test_set_delivery_requires_address_for_delivery" time="0.303" /><testcase classname="tests.test_prescription_tracking.TestTrackingQRCode" name="test_tracking_qr_requires_auth" time="0.037" /><testcase classname="tests.test_prescription_tracking.TestTrackingQRCode" name="test_tracking_qr_nonexistent_prescription" time="0.304" /><testcase classname="tests.test_prescription_tracking.TestTrackingWithRealPrescription" name="test_create_and_track_prescription" time="0.345" /><testcase classname="tests.test_prescription_tracking.TestTrackingWithRealPrescription" name="test_update_prescription_status_flow" time="0.537" /><testcase classname="tests.test_prescription_tracking.TestTrackingPageEndpoints" name="test_public_regions_endpoint" time="0.045" /><testcase classname="tests.test_prescription_tracking.TestTrackingPageEndpoints" name="test_public_pharmacies_search" time="0.041" /></testsuite></testsuites>