<?xml version="1.0" encoding="utf-8"?><testsuites name="pytest tests"><testsuite name="pytest" errors="0" failures="0" skipped="0" tests="13" time="4.177" timestamp="2026-02-07T14:01:37.007125+00:00" hostname="agent-env-b16cbb28-8f96-48b3-9372-4f366b39b7d4"><testcase classname="backend.tests.test_radiology_module.TestRadiologyAuth" name="test_radiologist_login" time="0.295" /><testcase classname="backend.tests.test_radiology_module.TestRadiologyDashboard" name="test_radiologist_dashboard" time="0.298" /><testcase classname="backend.tests.test_radiology_module.TestRadiologyOrders" name="test_get_radiology_queue" time="0.301" /><testcase classname="backend.tests.test_radiology_module.TestRadiologyOrders" name="test_get_worklist" time="0.289" /><testcase classname="backend.tests.test_radiology_module.TestRadiologyOrders" name="test_get_modalities" time="0.332" /><testcase classname="backend.tests.test_radiology_module.TestRadiologyOrders" name="test_get_study_types" time="0.301" /><testcase classname="backend.tests.test_radiology_module.TestRadiologyOrderAssignment" name="test_assign_order_to_self" time="0.333" /><testcase classname="backend.tests.test_radiology_module.TestRadiologyReports" name="test_create_draft_report" time="0.326" /><testcase classname="backend.tests.test_radiology_module.TestRadiologyReports" name="test_create_finalized_report" time="0.333" /><testcase classname="backend.tests.test_radiology_module.TestRadiologyNotes" name="test_create_note" time="0.326" /><testcase classname="backend.tests.test_radiology_module.TestRadiologyTimeline" name="test_get_order_timeline" time="0.323" /><testcase classname="backend.tests.test_radiology_module.TestRadiologyRBAC" name="test_radiologist_can_access_dashboard" time="0.294" /><testcase classname="backend.tests.test_radiology_module.TestRadiologyRBAC" name="test_radiologist_can_create_reports" time="0.369" /></testsuite></testsuites>