<?xml version="1.0" encoding="utf-8"?><testsuites name="pytest tests"><testsuite name="pytest" errors="0" failures="0" skipped="2" tests="20" time="3.920" timestamp="2026-02-10T03:52:35.565077+00:00" hostname="agent-env-b53decb3-e42c-484b-a46e-59ef98a51e1e"><testcase classname="tests.test_security_postgres_migration.TestHealthCheck" name="test_api_health" time="0.101" /><testcase classname="tests.test_security_postgres_migration.TestHealthCheck" name="test_api_root" time="0.038" /><testcase classname="tests.test_security_postgres_migration.TestLoginEndpoint" name="test_login_success" time="0.267" /><testcase classname="tests.test_security_postgres_migration.TestLoginEndpoint" name="test_login_invalid_credentials" time="0.048" /><testcase classname="tests.test_security_postgres_migration.TestLoginEndpoint" name="test_login_missing_fields" time="0.042" /><testcase classname="tests.test_security_postgres_migration.TestSecurityHeaders" name="test_security_headers_present" time="0.262" /><testcase classname="tests.test_security_postgres_migration.TestSecurityHeaders" name="test_rate_limit_headers_present" time="0.039" /><testcase classname="tests.test_security_postgres_migration.TestSecurityHeaders" name="test_request_id_header" time="0.038" /><testcase classname="tests.test_security_postgres_migration.TestSecurityHeaders" name="test_response_time_header" time="0.035" /><testcase classname="tests.test_security_postgres_migration.TestRateLimiting" name="test_rate_limit_login_endpoint" time="0.533" /><testcase classname="tests.test_security_postgres_migration.TestRegionsEndpoint" name="test_list_regions_public" time="0.044" /><testcase classname="tests.test_security_postgres_migration.TestRegionsEndpoint" name="test_get_single_region" time="0.040" /><testcase classname="tests.test_security_postgres_migration.TestOrganizationsEndpoint" name="test_list_organizations" time="1.037"><skipped type="pytest.skip" message="Rate limited - try again in 60 seconds">/app/backend/tests/test_security_postgres_migration.py:317: Rate limited - try again in 60 seconds</skipped></testcase><testcase classname="tests.test_security_postgres_migration.TestOrganizationsEndpoint" name="test_organizations_requires_auth" time="0.045" /><testcase classname="tests.test_security_postgres_migration.TestPharmaciesEndpoint" name="test_list_public_pharmacies" time="0.039" /><testcase classname="tests.test_security_postgres_migration.TestPharmaciesEndpoint" name="test_pharmacies_by_region" time="0.042" /><testcase classname="tests.test_security_postgres_migration.TestAuditLogging" name="test_failed_login_logged" time="0.045" /><testcase classname="tests.test_security_postgres_migration.TestAuditLogging" name="test_rate_limit_logged" time="0.000" /><testcase classname="tests.test_security_postgres_migration.TestPostgreSQLMigration" name="test_organizations_from_postgres" time="1.044"><skipped type="pytest.skip" message="Rate limited - try again in 60 seconds">/app/backend/tests/test_security_postgres_migration.py:454: Rate limited - try again in 60 seconds</skipped></testcase><testcase classname="tests.test_security_postgres_migration.TestPostgreSQLMigration" name="test_regions_data_integrity" time="0.093" /></testsuite></testsuites>