<?xml version="1.0" encoding="utf-8"?><testsuites name="pytest tests"><testsuite name="pytest" errors="0" failures="1" skipped="2" tests="20" time="1.934" timestamp="2026-02-10T03:50:58.996752+00:00" hostname="agent-env-b53decb3-e42c-484b-a46e-59ef98a51e1e"><testcase classname="tests.test_security_postgres_migration.TestHealthCheck" name="test_api_health" time="0.107" /><testcase classname="tests.test_security_postgres_migration.TestHealthCheck" name="test_api_root" time="0.040" /><testcase classname="tests.test_security_postgres_migration.TestLoginEndpoint" name="test_login_success" time="0.268" /><testcase classname="tests.test_security_postgres_migration.TestLoginEndpoint" name="test_login_invalid_credentials" time="0.040" /><testcase classname="tests.test_security_postgres_migration.TestLoginEndpoint" name="test_login_missing_fields" time="0.041" /><testcase classname="tests.test_security_postgres_migration.TestSecurityHeaders" name="test_security_headers_present" time="0.265" /><testcase classname="tests.test_security_postgres_migration.TestSecurityHeaders" name="test_rate_limit_headers_present" time="0.032" /><testcase classname="tests.test_security_postgres_migration.TestSecurityHeaders" name="test_request_id_header" time="0.037" /><testcase classname="tests.test_security_postgres_migration.TestSecurityHeaders" name="test_response_time_header" time="0.038" /><testcase classname="tests.test_security_postgres_migration.TestRateLimiting" name="test_rate_limit_login_endpoint" time="0.570" /><testcase classname="tests.test_security_postgres_migration.TestRegionsEndpoint" name="test_list_regions_public" time="0.044" /><testcase classname="tests.test_security_postgres_migration.TestRegionsEndpoint" name="test_get_single_region" time="0.045" /><testcase classname="tests.test_security_postgres_migration.TestOrganizationsEndpoint" name="test_list_organizations" time="0.039"><skipped type="pytest.skip" message="Could not authenticate">/app/backend/tests/test_security_postgres_migration.py:313: Could not authenticate</skipped></testcase><testcase classname="tests.test_security_postgres_migration.TestOrganizationsEndpoint" name="test_organizations_requires_auth" time="0.052" /><testcase classname="tests.test_security_postgres_migration.TestPharmaciesEndpoint" name="test_list_public_pharmacies" time="0.041" /><testcase classname="tests.test_security_postgres_migration.TestPharmaciesEndpoint" name="test_pharmacies_by_region" time="0.039" /><testcase classname="tests.test_security_postgres_migration.TestAuditLogging" name="test_failed_login_logged" time="0.039"><failure message="assert 429 == 401&#10; +  where 429 = &lt;Response [429]&gt;.status_code">tests/test_security_postgres_migration.py:412: in test_failed_login_logged
    assert response.status_code == 401
E   assert 429 == 401
E    +  where 429 = &lt;Response [429]&gt;.status_code</failure></testcase><testcase classname="tests.test_security_postgres_migration.TestAuditLogging" name="test_rate_limit_logged" time="0.000" /><testcase classname="tests.test_security_postgres_migration.TestPostgreSQLMigration" name="test_organizations_from_postgres" time="0.041"><skipped type="pytest.skip" message="Could not authenticate">/app/backend/tests/test_security_postgres_migration.py:442: Could not authenticate</skipped></testcase><testcase classname="tests.test_security_postgres_migration.TestPostgreSQLMigration" name="test_regions_data_integrity" time="0.045" /></testsuite></testsuites>