<?xml version="1.0" encoding="utf-8"?><testsuites name="pytest tests"><testsuite name="pytest" errors="0" failures="0" skipped="1" tests="16" time="1.517" timestamp="2026-02-10T04:41:22.513989+00:00" hostname="agent-env-14300298-460f-4ea0-95bf-a17880f802e7"><testcase classname="tests.test_staff_chat.TestStaffChatAPI" name="test_api_health" time="0.079" /><testcase classname="tests.test_staff_chat.TestStaffChatAPI" name="test_get_conversations_success" time="0.315" /><testcase classname="tests.test_staff_chat.TestStaffChatAPI" name="test_get_conversations_unauthorized" time="0.041" /><testcase classname="tests.test_staff_chat.TestStaffChatAPI" name="test_get_unread_count_success" time="0.017" /><testcase classname="tests.test_staff_chat.TestStaffChatAPI" name="test_get_unread_count_unauthorized" time="0.044" /><testcase classname="tests.test_staff_chat.TestStaffChatAPI" name="test_search_users_success" time="0.018" /><testcase classname="tests.test_staff_chat.TestStaffChatAPI" name="test_search_users_min_query_length" time="0.017" /><testcase classname="tests.test_staff_chat.TestStaffChatAPI" name="test_search_users_unauthorized" time="0.038" /><testcase classname="tests.test_staff_chat.TestStaffChatAPI" name="test_create_conversation_success" time="0.277" /><testcase classname="tests.test_staff_chat.TestStaffChatAPI" name="test_create_conversation_unauthorized" time="0.040" /><testcase classname="tests.test_staff_chat.TestStaffChatAPI" name="test_full_conversation_flow" time="0.174" /><testcase classname="tests.test_staff_chat.TestStaffChatAPI" name="test_get_messages_invalid_conversation" time="0.016" /><testcase classname="tests.test_staff_chat.TestStaffChatAPI" name="test_send_message_invalid_conversation" time="0.014" /><testcase classname="tests.test_staff_chat.TestStaffChatAPI" name="test_mark_read_invalid_conversation" time="0.014" /><testcase classname="tests.test_staff_chat.TestStaffChatDataValidation" name="test_create_conversation_empty_participants" time="0.307" /><testcase classname="tests.test_staff_chat.TestStaffChatDataValidation" name="test_send_empty_message" time="0.013"><skipped type="pytest.skip" message="No users found">/app/backend/tests/test_staff_chat.py:388: No users found</skipped></testcase></testsuite></testsuites>