<?xml version="1.0" encoding="utf-8"?><testsuites name="pytest tests"><testsuite name="pytest" errors="0" failures="0" skipped="0" tests="15" time="3.312" timestamp="2026-02-08T05:35:14.435316+00:00" hostname="agent-env-e085021d-1c79-4e5b-9cc0-33961bd38e77"><testcase classname="backend.tests.test_super_admin_dashboard.TestOrganizationsAPI" name="test_list_organizations_endpoint_exists" time="0.380" /><testcase classname="backend.tests.test_super_admin_dashboard.TestOrganizationsAPI" name="test_list_organizations_returns_data_structure" time="0.323" /><testcase classname="backend.tests.test_super_admin_dashboard.TestOrganizationsAPI" name="test_list_pending_organizations" time="0.274" /><testcase classname="backend.tests.test_super_admin_dashboard.TestOrganizationApprovalWorkflow" name="test_approve_organization_endpoint_exists" time="0.507" /><testcase classname="backend.tests.test_super_admin_dashboard.TestOrganizationApprovalWorkflow" name="test_reject_organization_endpoint_exists" time="0.285" /><testcase classname="backend.tests.test_super_admin_dashboard.TestPharmacyAdminAPI" name="test_list_pharmacies_admin_endpoint_exists" time="0.039" /><testcase classname="backend.tests.test_super_admin_dashboard.TestPharmacyAdminAPI" name="test_list_pharmacies_returns_data_structure" time="0.042" /><testcase classname="backend.tests.test_super_admin_dashboard.TestPharmacyAdminAPI" name="test_list_pending_pharmacies_endpoint_exists" time="0.038" /><testcase classname="backend.tests.test_super_admin_dashboard.TestPharmacyAdminAPI" name="test_list_pending_pharmacies_returns_data" time="0.041" /><testcase classname="backend.tests.test_super_admin_dashboard.TestPharmacyApprovalWorkflow" name="test_approve_pharmacy_endpoint_exists" time="0.312" /><testcase classname="backend.tests.test_super_admin_dashboard.TestPharmacyApprovalWorkflow" name="test_reject_pharmacy_endpoint" time="0.311" /><testcase classname="backend.tests.test_super_admin_dashboard.TestPharmacyApprovalWorkflow" name="test_suspend_pharmacy_endpoint_exists" time="0.294" /><testcase classname="backend.tests.test_super_admin_dashboard.TestPharmacyApprovalWorkflow" name="test_reactivate_pharmacy_endpoint_exists" time="0.040" /><testcase classname="backend.tests.test_super_admin_dashboard.TestEndToEndApprovalFlow" name="test_hospital_registration_to_approval_flow" time="0.034" /><testcase classname="backend.tests.test_super_admin_dashboard.TestEndToEndApprovalFlow" name="test_pharmacy_registration_to_approval_flow" time="0.324" /></testsuite></testsuites>