<?xml version="1.0" encoding="utf-8"?><testsuites name="pytest tests"><testsuite name="pytest" errors="0" failures="0" skipped="0" tests="13" time="3.830" timestamp="2026-02-07T16:03:32.159387+00:00" hostname="agent-env-b16cbb28-8f96-48b3-9372-4f366b39b7d4"><testcase classname="backend.tests.test_voice_dictation.TestVoiceDictationAPI" name="test_get_medical_terms_endpoint_exists" time="0.329" /><testcase classname="backend.tests.test_voice_dictation.TestVoiceDictationAPI" name="test_correct_terminology_basic" time="0.271" /><testcase classname="backend.tests.test_voice_dictation.TestVoiceDictationAPI" name="test_correct_terminology_pneumonia" time="0.274" /><testcase classname="backend.tests.test_voice_dictation.TestVoiceDictationAPI" name="test_correct_terminology_hypertension" time="0.276" /><testcase classname="backend.tests.test_voice_dictation.TestVoiceDictationAPI" name="test_correct_terminology_tachycardia" time="0.273" /><testcase classname="backend.tests.test_voice_dictation.TestVoiceDictationAPI" name="test_correct_terminology_radiology_context" time="0.304" /><testcase classname="backend.tests.test_voice_dictation.TestVoiceDictationAPI" name="test_correct_terminology_nursing_context" time="0.265" /><testcase classname="backend.tests.test_voice_dictation.TestVoiceDictationAPI" name="test_correct_terminology_multiple_corrections" time="0.307" /><testcase classname="backend.tests.test_voice_dictation.TestVoiceDictationAPI" name="test_correct_terminology_empty_text" time="0.268" /><testcase classname="backend.tests.test_voice_dictation.TestVoiceDictationAPI" name="test_correct_terminology_unauthorized" time="0.310" /><testcase classname="backend.tests.test_voice_dictation.TestVoiceDictationAPI" name="test_medical_terms_unauthorized" time="0.299" /><testcase classname="backend.tests.test_voice_dictation.TestVoiceDictationWithDifferentRoles" name="test_nurse_can_access_voice_dictation" time="0.274" /><testcase classname="backend.tests.test_voice_dictation.TestVoiceDictationWithDifferentRoles" name="test_super_admin_can_access_voice_dictation" time="0.310" /></testsuite></testsuites>