<?xml version="1.0" encoding="utf-8"?><testsuites name="pytest tests"><testsuite name="pytest" errors="0" failures="2" skipped="0" tests="13" time="3.972" timestamp="2026-02-07T16:03:03.175512+00:00" hostname="agent-env-b16cbb28-8f96-48b3-9372-4f366b39b7d4"><testcase classname="backend.tests.test_voice_dictation.TestVoiceDictationAPI" name="test_get_medical_terms_endpoint_exists" time="0.385" /><testcase classname="backend.tests.test_voice_dictation.TestVoiceDictationAPI" name="test_correct_terminology_basic" time="0.314" /><testcase classname="backend.tests.test_voice_dictation.TestVoiceDictationAPI" name="test_correct_terminology_pneumonia" time="0.314" /><testcase classname="backend.tests.test_voice_dictation.TestVoiceDictationAPI" name="test_correct_terminology_hypertension" time="0.274" /><testcase classname="backend.tests.test_voice_dictation.TestVoiceDictationAPI" name="test_correct_terminology_tachycardia" time="0.268" /><testcase classname="backend.tests.test_voice_dictation.TestVoiceDictationAPI" name="test_correct_terminology_radiology_context" time="0.278" /><testcase classname="backend.tests.test_voice_dictation.TestVoiceDictationAPI" name="test_correct_terminology_nursing_context" time="0.265" /><testcase classname="backend.tests.test_voice_dictation.TestVoiceDictationAPI" name="test_correct_terminology_multiple_corrections" time="0.273" /><testcase classname="backend.tests.test_voice_dictation.TestVoiceDictationAPI" name="test_correct_terminology_empty_text" time="0.277" /><testcase classname="backend.tests.test_voice_dictation.TestVoiceDictationAPI" name="test_correct_terminology_unauthorized" time="0.291"><failure message="AssertionError: Expected 401 for unauthorized request, got 403&#10;assert 403 == 401&#10; +  where 403 = &lt;Response [403]&gt;.status_code">backend/tests/test_voice_dictation.py:285: in test_correct_terminology_unauthorized
    assert response.status_code == 401, f"Expected 401 for unauthorized request, got {response.status_code}"
E   AssertionError: Expected 401 for unauthorized request, got 403
E   assert 403 == 401
E    +  where 403 = &lt;Response [403]&gt;.status_code</failure></testcase><testcase classname="backend.tests.test_voice_dictation.TestVoiceDictationAPI" name="test_medical_terms_unauthorized" time="0.292"><failure message="AssertionError: Expected 401 for unauthorized request, got 403&#10;assert 403 == 401&#10; +  where 403 = &lt;Response [403]&gt;.status_code">backend/tests/test_voice_dictation.py:297: in test_medical_terms_unauthorized
    assert response.status_code == 401, f"Expected 401 for unauthorized request, got {response.status_code}"
E   AssertionError: Expected 401 for unauthorized request, got 403
E   assert 403 == 401
E    +  where 403 = &lt;Response [403]&gt;.status_code</failure></testcase><testcase classname="backend.tests.test_voice_dictation.TestVoiceDictationWithDifferentRoles" name="test_nurse_can_access_voice_dictation" time="0.317" /><testcase classname="backend.tests.test_voice_dictation.TestVoiceDictationWithDifferentRoles" name="test_super_admin_can_access_voice_dictation" time="0.320" /></testsuite></testsuites>