<?xml version="1.0" encoding="utf-8"?><testsuites name="pytest tests"><testsuite name="pytest" errors="0" failures="0" skipped="0" tests="29" time="3.138" timestamp="2026-02-08T01:04:32.656214+00:00" hostname="agent-env-4e0af7b4-dee9-463b-ba0a-5f1544d3eac5"><testcase classname="backend.tests.test_websocket_fda_nhis.TestWebSocketStats" name="test_websocket_stats_endpoint_exists" time="0.072" /><testcase classname="backend.tests.test_websocket_fda_nhis.TestWebSocketStats" name="test_websocket_pharmacy_connected_check" time="0.042" /><testcase classname="backend.tests.test_websocket_fda_nhis.TestWebSocketStats" name="test_websocket_pharmacy_connected_with_real_id" time="0.041" /><testcase classname="backend.tests.test_websocket_fda_nhis.TestFDAModule" name="test_fda_registered_drugs_endpoint" time="0.033" /><testcase classname="backend.tests.test_websocket_fda_nhis.TestFDAModule" name="test_fda_drug_has_required_fields" time="0.040" /><testcase classname="backend.tests.test_websocket_fda_nhis.TestFDAModule" name="test_fda_verify_drug_by_registration_number" time="0.041" /><testcase classname="backend.tests.test_websocket_fda_nhis.TestFDAModule" name="test_fda_verify_drug_not_found" time="0.045" /><testcase classname="backend.tests.test_websocket_fda_nhis.TestFDAModule" name="test_fda_verify_by_trade_name" time="0.042" /><testcase classname="backend.tests.test_websocket_fda_nhis.TestFDAModule" name="test_fda_drug_search" time="0.041" /><testcase classname="backend.tests.test_websocket_fda_nhis.TestFDAModule" name="test_fda_get_drug_by_registration_number" time="0.036" /><testcase classname="backend.tests.test_websocket_fda_nhis.TestFDAModule" name="test_fda_schedules_endpoint" time="0.040" /><testcase classname="backend.tests.test_websocket_fda_nhis.TestFDAModule" name="test_fda_categories_endpoint" time="0.034" /><testcase classname="backend.tests.test_websocket_fda_nhis.TestFDAModule" name="test_fda_stats_endpoint" time="0.042" /><testcase classname="backend.tests.test_websocket_fda_nhis.TestFDAModule" name="test_fda_manufacturers_endpoint" time="0.041" /><testcase classname="backend.tests.test_websocket_fda_nhis.TestFDAModule" name="test_fda_alerts_endpoint" time="0.038" /><testcase classname="backend.tests.test_websocket_fda_nhis.TestNHISModule" name="test_nhis_tariff_endpoint" time="0.038" /><testcase classname="backend.tests.test_websocket_fda_nhis.TestNHISModule" name="test_nhis_tariff_drug_has_required_fields" time="0.034" /><testcase classname="backend.tests.test_websocket_fda_nhis.TestNHISModule" name="test_nhis_tariff_covered_only_filter" time="0.041" /><testcase classname="backend.tests.test_websocket_fda_nhis.TestNHISModule" name="test_nhis_tariff_search" time="0.035" /><testcase classname="backend.tests.test_websocket_fda_nhis.TestNHISModule" name="test_nhis_verify_member_requires_auth" time="0.036" /><testcase classname="backend.tests.test_websocket_fda_nhis.TestNHISModule" name="test_nhis_verify_member_success" time="0.307" /><testcase classname="backend.tests.test_websocket_fda_nhis.TestNHISModule" name="test_nhis_verify_member_not_found" time="0.302" /><testcase classname="backend.tests.test_websocket_fda_nhis.TestNHISModule" name="test_nhis_verify_expired_member" time="0.307" /><testcase classname="backend.tests.test_websocket_fda_nhis.TestNHISModule" name="test_nhis_claims_endpoint" time="0.312" /><testcase classname="backend.tests.test_websocket_fda_nhis.TestPrescriptionRouting" name="test_send_to_network_pharmacy_requires_auth" time="0.042" /><testcase classname="backend.tests.test_websocket_fda_nhis.TestPrescriptionRouting" name="test_send_to_network_pharmacy_validates_prescription" time="0.295" /><testcase classname="backend.tests.test_websocket_fda_nhis.TestPrescriptionRouting" name="test_send_to_network_pharmacy_validates_pharmacy" time="0.293" /><testcase classname="backend.tests.test_websocket_fda_nhis.TestPharmacyDashboardAuth" name="test_pharmacy_login_success" time="0.322" /><testcase classname="backend.tests.test_websocket_fda_nhis.TestPharmacyDashboardAuth" name="test_pharmacy_login_invalid_credentials" time="0.040" /></testsuite></testsuites>